<?xml version="1.0" encoding="utf-8"?>
<CoverageSession>
  <Summary numSequencePoints="567" visitedSequencePoints="58" numBranchPoints="146" visitedBranchPoints="4" sequenceCoverage="10.22" branchCoverage="2.73" maxCyclomaticComplexity="193" minCyclomaticComplexity="193" visitedClasses="5" numClasses="16" visitedMethods="15" numMethods="63" />
  <Modules>
    <Module hash="44A5E09E-904F-45AC-9653-5E1C5370084A">
      <ModulePath>CategoryMigrationLambda.dll</ModulePath>
      <ModuleTime>2026-05-14T09:02:36</ModuleTime>
      <ModuleName>CategoryMigrationLambda</ModuleName>
      <Files>
        <File uid="1" fullPath="/home/runner/work/Builtin.CategoryMigrationLambda/Builtin.CategoryMigrationLambda/CategoryMigrationLambda/Function.cs" />
        <File uid="2" fullPath="/home/runner/work/Builtin.CategoryMigrationLambda/Builtin.CategoryMigrationLambda/CategoryMigrationLambda/Services/CategoryMappings.cs" />
        <File uid="3" fullPath="/home/runner/work/Builtin.CategoryMigrationLambda/Builtin.CategoryMigrationLambda/CategoryMigrationLambda/Services/CategoryMigrationService.cs" />
        <File uid="4" fullPath="/home/runner/work/Builtin.CategoryMigrationLambda/Builtin.CategoryMigrationLambda/CategoryMigrationLambda/Extensions/ServiceCollectionExtensions.cs" />
        <File uid="5" fullPath="/home/runner/work/Builtin.CategoryMigrationLambda/Builtin.CategoryMigrationLambda/CategoryMigrationLambda/Data/MigrationRequestDto.cs" />
        <File uid="6" fullPath="/home/runner/work/Builtin.CategoryMigrationLambda/Builtin.CategoryMigrationLambda/CategoryMigrationLambda/Data/MigrationResultDto.cs" />
        <File uid="7" fullPath="/home/runner/work/Builtin.CategoryMigrationLambda/Builtin.CategoryMigrationLambda/CategoryMigrationLambda/Data/UserJobPreferencesDto.cs" />
      </Files>
      <Classes>
        <Class>
          <Summary numSequencePoints="28" visitedSequencePoints="17" numBranchPoints="6" visitedBranchPoints="2" sequenceCoverage="60.71" branchCoverage="33.33" maxCyclomaticComplexity="2" minCyclomaticComplexity="1" visitedClasses="1" numClasses="1" visitedMethods="2" numMethods="4" />
          <FullName>CategoryMigrationLambda.Function</FullName>
          <Methods>
            <Method cyclomaticComplexity="1" nPathComplexity="1" sequenceCoverage="80" branchCoverage="100" isConstructor="False" isGetter="False" isSetter="False" isStatic="True">
              <Summary numSequencePoints="15" visitedSequencePoints="12" numBranchPoints="0" visitedBranchPoints="0" sequenceCoverage="80" branchCoverage="100" maxCyclomaticComplexity="1" minCyclomaticComplexity="1" visitedClasses="0" numClasses="0" visitedMethods="1" numMethods="1" />
              <MetadataToken />
              <Name>System.Void CategoryMigrationLambda.Function::ConfigureServices()</Name>
              <FileRef uid="1" />
              <SequencePoints>
                <SequencePoint vc="4" uspid="125" ordinal="0" sl="125" sc="1" el="125" ec="2" bec="0" bev="0" fileid="1" />
                <SequencePoint vc="4" uspid="127" ordinal="1" sl="127" sc="1" el="127" ec="2" bec="0" bev="0" fileid="1" />
                <SequencePoint vc="4" uspid="128" ordinal="2" sl="128" sc="1" el="128" ec="2" bec="0" bev="0" fileid="1" />
                <SequencePoint vc="4" uspid="129" ordinal="3" sl="129" sc="1" el="129" ec="2" bec="0" bev="0" fileid="1" />
                <SequencePoint vc="4" uspid="130" ordinal="4" sl="130" sc="1" el="130" ec="2" bec="0" bev="0" fileid="1" />
                <SequencePoint vc="4" uspid="131" ordinal="5" sl="131" sc="1" el="131" ec="2" bec="0" bev="0" fileid="1" />
                <SequencePoint vc="4" uspid="132" ordinal="6" sl="132" sc="1" el="132" ec="2" bec="0" bev="0" fileid="1" />
                <SequencePoint vc="4" uspid="133" ordinal="7" sl="133" sc="1" el="133" ec="2" bec="0" bev="0" fileid="1" />
                <SequencePoint vc="0" uspid="134" ordinal="8" sl="134" sc="1" el="134" ec="2" bec="0" bev="0" fileid="1" />
                <SequencePoint vc="0" uspid="135" ordinal="9" sl="135" sc="1" el="135" ec="2" bec="0" bev="0" fileid="1" />
                <SequencePoint vc="0" uspid="137" ordinal="10" sl="137" sc="1" el="137" ec="2" bec="0" bev="0" fileid="1" />
                <SequencePoint vc="4" uspid="140" ordinal="11" sl="140" sc="1" el="140" ec="2" bec="0" bev="0" fileid="1" />
                <SequencePoint vc="4" uspid="141" ordinal="12" sl="141" sc="1" el="141" ec="2" bec="0" bev="0" fileid="1" />
                <SequencePoint vc="4" uspid="142" ordinal="13" sl="142" sc="1" el="142" ec="2" bec="0" bev="0" fileid="1" />
                <SequencePoint vc="4" uspid="143" ordinal="14" sl="143" sc="1" el="143" ec="2" bec="0" bev="0" fileid="1" />
              </SequencePoints>
              <BranchPoints />
              <MethodPoint vc="12" uspid="0" p8:type="SequencePoint" ordinal="0" offset="0" sc="0" sl="125" ec="1" el="143" bec="0" bev="0" fileid="1" xmlns:p8="xsi" />
            </Method>
            <Method cyclomaticComplexity="2" nPathComplexity="2" sequenceCoverage="0" branchCoverage="0" isConstructor="False" isGetter="False" isSetter="False" isStatic="True">
              <Summary numSequencePoints="5" visitedSequencePoints="0" numBranchPoints="2" visitedBranchPoints="0" sequenceCoverage="0" branchCoverage="0" maxCyclomaticComplexity="2" minCyclomaticComplexity="2" visitedClasses="0" numClasses="0" visitedMethods="0" numMethods="1" />
              <MetadataToken />
              <Name>System.Threading.CancellationToken CategoryMigrationLambda.Function::CreateCancellationToken(Amazon.Lambda.Core.ILambdaContext)</Name>
              <FileRef uid="1" />
              <SequencePoints>
                <SequencePoint vc="0" uspid="149" ordinal="0" sl="149" sc="1" el="149" ec="2" bec="0" bev="0" fileid="1" />
                <SequencePoint vc="0" uspid="150" ordinal="1" sl="150" sc="1" el="150" ec="2" bec="2" bev="0" fileid="1" />
                <SequencePoint vc="0" uspid="151" ordinal="2" sl="151" sc="1" el="151" ec="2" bec="0" bev="0" fileid="1" />
                <SequencePoint vc="0" uspid="152" ordinal="3" sl="152" sc="1" el="152" ec="2" bec="0" bev="0" fileid="1" />
                <SequencePoint vc="0" uspid="153" ordinal="4" sl="153" sc="1" el="153" ec="2" bec="0" bev="0" fileid="1" />
              </SequencePoints>
              <BranchPoints>
                <BranchPoint vc="0" uspid="150" ordinal="0" path="0" offset="24" offsetend="26" sl="150" fileid="1" />
                <BranchPoint vc="0" uspid="150" ordinal="1" path="1" offset="24" offsetend="42" sl="150" fileid="1" />
              </BranchPoints>
              <MethodPoint vc="0" uspid="0" p8:type="SequencePoint" ordinal="1" offset="1" sc="0" sl="149" ec="1" el="153" bec="0" bev="0" fileid="1" xmlns:p8="xsi" />
            </Method>
            <Method cyclomaticComplexity="2" nPathComplexity="2" sequenceCoverage="0" branchCoverage="0" isConstructor="False" isGetter="False" isSetter="False" isStatic="True">
              <Summary numSequencePoints="3" visitedSequencePoints="0" numBranchPoints="2" visitedBranchPoints="0" sequenceCoverage="0" branchCoverage="0" maxCyclomaticComplexity="2" minCyclomaticComplexity="2" visitedClasses="0" numClasses="0" visitedMethods="0" numMethods="1" />
              <MetadataToken />
              <Name>System.Void CategoryMigrationLambda.Function::Finalize()</Name>
              <FileRef uid="1" />
              <SequencePoints>
                <SequencePoint vc="0" uspid="156" ordinal="0" sl="156" sc="1" el="156" ec="2" bec="0" bev="0" fileid="1" />
                <SequencePoint vc="0" uspid="157" ordinal="1" sl="157" sc="1" el="157" ec="2" bec="2" bev="0" fileid="1" />
                <SequencePoint vc="0" uspid="158" ordinal="2" sl="158" sc="1" el="158" ec="2" bec="0" bev="0" fileid="1" />
              </SequencePoints>
              <BranchPoints>
                <BranchPoint vc="0" uspid="157" ordinal="0" path="0" offset="8" offsetend="10" sl="157" fileid="1" />
                <BranchPoint vc="0" uspid="157" ordinal="1" path="1" offset="8" offsetend="13" sl="157" fileid="1" />
              </BranchPoints>
              <MethodPoint vc="0" uspid="0" p8:type="SequencePoint" ordinal="2" offset="2" sc="0" sl="156" ec="1" el="158" bec="0" bev="0" fileid="1" xmlns:p8="xsi" />
            </Method>
            <Method cyclomaticComplexity="2" nPathComplexity="2" sequenceCoverage="100" branchCoverage="100" isConstructor="True" isGetter="False" isSetter="False" isStatic="True">
              <Summary numSequencePoints="5" visitedSequencePoints="5" numBranchPoints="2" visitedBranchPoints="2" sequenceCoverage="100" branchCoverage="100" maxCyclomaticComplexity="2" minCyclomaticComplexity="2" visitedClasses="0" numClasses="0" visitedMethods="1" numMethods="1" />
              <MetadataToken />
              <Name>System.Void CategoryMigrationLambda.Function::.ctor()</Name>
              <FileRef uid="1" />
              <SequencePoints>
                <SequencePoint vc="4" uspid="32" ordinal="0" sl="32" sc="1" el="32" ec="2" bec="2" bev="2" fileid="1" />
                <SequencePoint vc="4" uspid="44" ordinal="1" sl="44" sc="1" el="44" ec="2" bec="0" bev="0" fileid="1" />
                <SequencePoint vc="4" uspid="45" ordinal="2" sl="45" sc="1" el="45" ec="2" bec="0" bev="0" fileid="1" />
                <SequencePoint vc="4" uspid="46" ordinal="3" sl="46" sc="1" el="46" ec="2" bec="0" bev="0" fileid="1" />
                <SequencePoint vc="4" uspid="47" ordinal="4" sl="47" sc="1" el="47" ec="2" bec="0" bev="0" fileid="1" />
              </SequencePoints>
              <BranchPoints>
                <BranchPoint vc="4" uspid="32" ordinal="0" path="0" offset="12" offsetend="14" sl="32" fileid="1" />
                <BranchPoint vc="4" uspid="32" ordinal="1" path="1" offset="12" offsetend="20" sl="32" fileid="1" />
              </BranchPoints>
              <MethodPoint vc="5" uspid="0" p8:type="SequencePoint" ordinal="3" offset="3" sc="0" sl="32" ec="1" el="47" bec="0" bev="0" fileid="1" xmlns:p8="xsi" />
            </Method>
          </Methods>
        </Class>
        <Class>
          <Summary numSequencePoints="31" visitedSequencePoints="21" numBranchPoints="10" visitedBranchPoints="2" sequenceCoverage="67.74" branchCoverage="20" maxCyclomaticComplexity="10" minCyclomaticComplexity="10" visitedClasses="1" numClasses="1" visitedMethods="1" numMethods="1" />
          <FullName>CategoryMigrationLambda.Function/&lt;FunctionHandler&gt;d__5</FullName>
          <Methods>
            <Method cyclomaticComplexity="10" nPathComplexity="10" sequenceCoverage="67.74" branchCoverage="20" isConstructor="False" isGetter="False" isSetter="False" isStatic="True">
              <Summary numSequencePoints="31" visitedSequencePoints="21" numBranchPoints="10" visitedBranchPoints="2" sequenceCoverage="67.74" branchCoverage="20" maxCyclomaticComplexity="10" minCyclomaticComplexity="10" visitedClasses="0" numClasses="0" visitedMethods="1" numMethods="1" />
              <MetadataToken />
              <Name>System.Void CategoryMigrationLambda.Function/&lt;FunctionHandler&gt;d__5::MoveNext()</Name>
              <FileRef uid="1" />
              <SequencePoints>
                <SequencePoint vc="4" uspid="55" ordinal="0" sl="55" sc="1" el="55" ec="2" bec="0" bev="0" fileid="1" />
                <SequencePoint vc="4" uspid="57" ordinal="1" sl="57" sc="1" el="57" ec="2" bec="0" bev="0" fileid="1" />
                <SequencePoint vc="4" uspid="58" ordinal="2" sl="58" sc="1" el="58" ec="2" bec="0" bev="0" fileid="1" />
                <SequencePoint vc="4" uspid="60" ordinal="3" sl="60" sc="1" el="60" ec="2" bec="2" bev="1" fileid="1" />
                <SequencePoint vc="0" uspid="61" ordinal="4" sl="61" sc="1" el="61" ec="2" bec="0" bev="0" fileid="1" />
                <SequencePoint vc="4" uspid="63" ordinal="5" sl="63" sc="1" el="63" ec="2" bec="0" bev="0" fileid="1" />
                <SequencePoint vc="4" uspid="64" ordinal="6" sl="64" sc="1" el="64" ec="2" bec="0" bev="0" fileid="1" />
                <SequencePoint vc="0" uspid="66" ordinal="7" sl="66" sc="1" el="66" ec="2" bec="4" bev="0" fileid="1" />
                <SequencePoint vc="0" uspid="67" ordinal="8" sl="67" sc="1" el="67" ec="2" bec="0" bev="0" fileid="1" />
                <SequencePoint vc="0" uspid="68" ordinal="9" sl="68" sc="1" el="68" ec="2" bec="2" bev="0" fileid="1" />
                <SequencePoint vc="0" uspid="69" ordinal="10" sl="69" sc="1" el="69" ec="2" bec="0" bev="0" fileid="1" />
                <SequencePoint vc="0" uspid="70" ordinal="11" sl="70" sc="1" el="70" ec="2" bec="0" bev="0" fileid="1" />
                <SequencePoint vc="0" uspid="71" ordinal="12" sl="71" sc="1" el="71" ec="2" bec="0" bev="0" fileid="1" />
                <SequencePoint vc="0" uspid="72" ordinal="13" sl="72" sc="1" el="72" ec="2" bec="0" bev="0" fileid="1" />
                <SequencePoint vc="0" uspid="73" ordinal="14" sl="73" sc="1" el="73" ec="2" bec="0" bev="0" fileid="1" />
                <SequencePoint vc="0" uspid="74" ordinal="15" sl="74" sc="1" el="74" ec="2" bec="0" bev="0" fileid="1" />
                <SequencePoint vc="4" uspid="76" ordinal="16" sl="76" sc="1" el="76" ec="2" bec="0" bev="0" fileid="1" />
                <SequencePoint vc="4" uspid="77" ordinal="17" sl="77" sc="1" el="77" ec="2" bec="0" bev="0" fileid="1" />
                <SequencePoint vc="4" uspid="78" ordinal="18" sl="78" sc="1" el="78" ec="2" bec="2" bev="1" fileid="1" />
                <SequencePoint vc="4" uspid="79" ordinal="19" sl="79" sc="1" el="79" ec="2" bec="0" bev="0" fileid="1" />
                <SequencePoint vc="4" uspid="80" ordinal="20" sl="80" sc="1" el="80" ec="2" bec="0" bev="0" fileid="1" />
                <SequencePoint vc="4" uspid="81" ordinal="21" sl="81" sc="1" el="81" ec="2" bec="0" bev="0" fileid="1" />
                <SequencePoint vc="4" uspid="82" ordinal="22" sl="82" sc="1" el="82" ec="2" bec="0" bev="0" fileid="1" />
                <SequencePoint vc="4" uspid="83" ordinal="23" sl="83" sc="1" el="83" ec="2" bec="0" bev="0" fileid="1" />
                <SequencePoint vc="4" uspid="84" ordinal="24" sl="84" sc="1" el="84" ec="2" bec="0" bev="0" fileid="1" />
                <SequencePoint vc="4" uspid="85" ordinal="25" sl="85" sc="1" el="85" ec="2" bec="0" bev="0" fileid="1" />
                <SequencePoint vc="4" uspid="86" ordinal="26" sl="86" sc="1" el="86" ec="2" bec="0" bev="0" fileid="1" />
                <SequencePoint vc="4" uspid="87" ordinal="27" sl="87" sc="1" el="87" ec="2" bec="0" bev="0" fileid="1" />
                <SequencePoint vc="4" uspid="88" ordinal="28" sl="88" sc="1" el="88" ec="2" bec="0" bev="0" fileid="1" />
                <SequencePoint vc="4" uspid="89" ordinal="29" sl="89" sc="1" el="89" ec="2" bec="0" bev="0" fileid="1" />
                <SequencePoint vc="4" uspid="91" ordinal="30" sl="91" sc="1" el="91" ec="2" bec="0" bev="0" fileid="1" />
              </SequencePoints>
              <BranchPoints>
                <BranchPoint vc="0" uspid="60" ordinal="0" path="0" offset="75" offsetend="77" sl="60" fileid="1" />
                <BranchPoint vc="4" uspid="60" ordinal="1" path="1" offset="75" offsetend="88" sl="60" fileid="1" />
                <BranchPoint vc="0" uspid="66" ordinal="2" path="0" offset="194" offsetend="196" sl="66" fileid="1" />
                <BranchPoint vc="0" uspid="66" ordinal="3" path="1" offset="194" offsetend="218" sl="66" fileid="1" />
                <BranchPoint vc="0" uspid="66" ordinal="5" path="1" offset="208" offsetend="369" sl="66" fileid="1" />
                <BranchPoint vc="0" uspid="68" ordinal="6" path="0" offset="387" offsetend="389" sl="68" fileid="1" />
                <BranchPoint vc="0" uspid="68" ordinal="7" path="1" offset="387" offsetend="401" sl="68" fileid="1" />
                <BranchPoint vc="0" uspid="66" ordinal="4" path="0" offset="208" offsetend="543" sl="66" fileid="1" />
                <BranchPoint vc="0" uspid="78" ordinal="8" path="0" offset="640" offsetend="642" sl="78" fileid="1" />
                <BranchPoint vc="4" uspid="78" ordinal="9" path="1" offset="640" offsetend="646" sl="78" fileid="1" />
              </BranchPoints>
              <MethodPoint vc="21" uspid="0" p8:type="SequencePoint" ordinal="0" offset="0" sc="0" sl="55" ec="1" el="91" bec="0" bev="0" fileid="1" xmlns:p8="xsi" />
            </Method>
          </Methods>
        </Class>
        <Class>
          <Summary numSequencePoints="17" visitedSequencePoints="0" numBranchPoints="4" visitedBranchPoints="0" sequenceCoverage="0" branchCoverage="0" maxCyclomaticComplexity="4" minCyclomaticComplexity="4" visitedClasses="0" numClasses="1" visitedMethods="0" numMethods="1" />
          <FullName>CategoryMigrationLambda.Function/&lt;SqsHandler&gt;d__6</FullName>
          <Methods>
            <Method cyclomaticComplexity="4" nPathComplexity="4" sequenceCoverage="0" branchCoverage="0" isConstructor="False" isGetter="False" isSetter="False" isStatic="True">
              <Summary numSequencePoints="17" visitedSequencePoints="0" numBranchPoints="4" visitedBranchPoints="0" sequenceCoverage="0" branchCoverage="0" maxCyclomaticComplexity="4" minCyclomaticComplexity="4" visitedClasses="0" numClasses="0" visitedMethods="0" numMethods="1" />
              <MetadataToken />
              <Name>System.Void CategoryMigrationLambda.Function/&lt;SqsHandler&gt;d__6::MoveNext()</Name>
              <FileRef uid="1" />
              <SequencePoints>
                <SequencePoint vc="0" uspid="99" ordinal="0" sl="99" sc="1" el="99" ec="2" bec="0" bev="0" fileid="1" />
                <SequencePoint vc="0" uspid="100" ordinal="1" sl="100" sc="1" el="100" ec="2" bec="2" bev="0" fileid="1" />
                <SequencePoint vc="0" uspid="101" ordinal="2" sl="101" sc="1" el="101" ec="2" bec="0" bev="0" fileid="1" />
                <SequencePoint vc="0" uspid="103" ordinal="3" sl="103" sc="1" el="103" ec="2" bec="0" bev="0" fileid="1" />
                <SequencePoint vc="0" uspid="104" ordinal="4" sl="104" sc="1" el="104" ec="2" bec="0" bev="0" fileid="1" />
                <SequencePoint vc="0" uspid="105" ordinal="5" sl="105" sc="1" el="105" ec="2" bec="2" bev="0" fileid="1" />
                <SequencePoint vc="0" uspid="106" ordinal="6" sl="106" sc="1" el="106" ec="2" bec="0" bev="0" fileid="1" />
                <SequencePoint vc="0" uspid="107" ordinal="7" sl="107" sc="1" el="107" ec="2" bec="0" bev="0" fileid="1" />
                <SequencePoint vc="0" uspid="108" ordinal="8" sl="108" sc="1" el="108" ec="2" bec="0" bev="0" fileid="1" />
                <SequencePoint vc="0" uspid="109" ordinal="9" sl="109" sc="1" el="109" ec="2" bec="0" bev="0" fileid="1" />
                <SequencePoint vc="0" uspid="110" ordinal="10" sl="110" sc="1" el="110" ec="2" bec="0" bev="0" fileid="1" />
                <SequencePoint vc="0" uspid="111" ordinal="11" sl="111" sc="1" el="111" ec="2" bec="0" bev="0" fileid="1" />
                <SequencePoint vc="0" uspid="112" ordinal="12" sl="112" sc="1" el="112" ec="2" bec="0" bev="0" fileid="1" />
                <SequencePoint vc="0" uspid="113" ordinal="13" sl="113" sc="1" el="113" ec="2" bec="0" bev="0" fileid="1" />
                <SequencePoint vc="0" uspid="115" ordinal="14" sl="115" sc="1" el="115" ec="2" bec="0" bev="0" fileid="1" />
                <SequencePoint vc="0" uspid="117" ordinal="15" sl="117" sc="1" el="117" ec="2" bec="0" bev="0" fileid="1" />
                <SequencePoint vc="0" uspid="118" ordinal="16" sl="118" sc="1" el="118" ec="2" bec="0" bev="0" fileid="1" />
              </SequencePoints>
              <BranchPoints>
                <BranchPoint vc="0" uspid="100" ordinal="3" path="1" offset="329" offsetend="51" sl="100" fileid="1" />
                <BranchPoint vc="0" uspid="105" ordinal="0" path="0" offset="115" offsetend="117" sl="105" fileid="1" />
                <BranchPoint vc="0" uspid="105" ordinal="1" path="1" offset="115" offsetend="233" sl="105" fileid="1" />
                <BranchPoint vc="0" uspid="100" ordinal="2" path="0" offset="329" offsetend="334" sl="100" fileid="1" />
              </BranchPoints>
              <MethodPoint vc="0" uspid="0" p8:type="SequencePoint" ordinal="0" offset="0" sc="0" sl="99" ec="1" el="118" bec="0" bev="0" fileid="1" xmlns:p8="xsi" />
            </Method>
          </Methods>
        </Class>
        <Class>
          <Summary numSequencePoints="69" visitedSequencePoints="0" numBranchPoints="0" visitedBranchPoints="0" sequenceCoverage="0" branchCoverage="100" maxCyclomaticComplexity="1" minCyclomaticComplexity="1" visitedClasses="0" numClasses="1" visitedMethods="0" numMethods="1" />
          <FullName>CategoryMigrationLambda.Services.CategoryMappings</FullName>
          <Methods>
            <Method cyclomaticComplexity="1" nPathComplexity="1" sequenceCoverage="0" branchCoverage="100" isConstructor="True" isGetter="False" isSetter="False" isStatic="True">
              <Summary numSequencePoints="69" visitedSequencePoints="0" numBranchPoints="0" visitedBranchPoints="0" sequenceCoverage="0" branchCoverage="100" maxCyclomaticComplexity="1" minCyclomaticComplexity="1" visitedClasses="0" numClasses="0" visitedMethods="0" numMethods="1" />
              <MetadataToken />
              <Name>System.Void CategoryMigrationLambda.Services.CategoryMappings::.cctor()</Name>
              <FileRef uid="2" />
              <SequencePoints>
                <SequencePoint vc="0" uspid="8" ordinal="0" sl="8" sc="1" el="8" ec="2" bec="0" bev="0" fileid="2" />
                <SequencePoint vc="0" uspid="9" ordinal="1" sl="9" sc="1" el="9" ec="2" bec="0" bev="0" fileid="2" />
                <SequencePoint vc="0" uspid="10" ordinal="2" sl="10" sc="1" el="10" ec="2" bec="0" bev="0" fileid="2" />
                <SequencePoint vc="0" uspid="11" ordinal="3" sl="11" sc="1" el="11" ec="2" bec="0" bev="0" fileid="2" />
                <SequencePoint vc="0" uspid="12" ordinal="4" sl="12" sc="1" el="12" ec="2" bec="0" bev="0" fileid="2" />
                <SequencePoint vc="0" uspid="13" ordinal="5" sl="13" sc="1" el="13" ec="2" bec="0" bev="0" fileid="2" />
                <SequencePoint vc="0" uspid="14" ordinal="6" sl="14" sc="1" el="14" ec="2" bec="0" bev="0" fileid="2" />
                <SequencePoint vc="0" uspid="15" ordinal="7" sl="15" sc="1" el="15" ec="2" bec="0" bev="0" fileid="2" />
                <SequencePoint vc="0" uspid="16" ordinal="8" sl="16" sc="1" el="16" ec="2" bec="0" bev="0" fileid="2" />
                <SequencePoint vc="0" uspid="17" ordinal="9" sl="17" sc="1" el="17" ec="2" bec="0" bev="0" fileid="2" />
                <SequencePoint vc="0" uspid="18" ordinal="10" sl="18" sc="1" el="18" ec="2" bec="0" bev="0" fileid="2" />
                <SequencePoint vc="0" uspid="19" ordinal="11" sl="19" sc="1" el="19" ec="2" bec="0" bev="0" fileid="2" />
                <SequencePoint vc="0" uspid="20" ordinal="12" sl="20" sc="1" el="20" ec="2" bec="0" bev="0" fileid="2" />
                <SequencePoint vc="0" uspid="21" ordinal="13" sl="21" sc="1" el="21" ec="2" bec="0" bev="0" fileid="2" />
                <SequencePoint vc="0" uspid="22" ordinal="14" sl="22" sc="1" el="22" ec="2" bec="0" bev="0" fileid="2" />
                <SequencePoint vc="0" uspid="23" ordinal="15" sl="23" sc="1" el="23" ec="2" bec="0" bev="0" fileid="2" />
                <SequencePoint vc="0" uspid="24" ordinal="16" sl="24" sc="1" el="24" ec="2" bec="0" bev="0" fileid="2" />
                <SequencePoint vc="0" uspid="25" ordinal="17" sl="25" sc="1" el="25" ec="2" bec="0" bev="0" fileid="2" />
                <SequencePoint vc="0" uspid="26" ordinal="18" sl="26" sc="1" el="26" ec="2" bec="0" bev="0" fileid="2" />
                <SequencePoint vc="0" uspid="27" ordinal="19" sl="27" sc="1" el="27" ec="2" bec="0" bev="0" fileid="2" />
                <SequencePoint vc="0" uspid="28" ordinal="20" sl="28" sc="1" el="28" ec="2" bec="0" bev="0" fileid="2" />
                <SequencePoint vc="0" uspid="29" ordinal="21" sl="29" sc="1" el="29" ec="2" bec="0" bev="0" fileid="2" />
                <SequencePoint vc="0" uspid="30" ordinal="22" sl="30" sc="1" el="30" ec="2" bec="0" bev="0" fileid="2" />
                <SequencePoint vc="0" uspid="31" ordinal="23" sl="31" sc="1" el="31" ec="2" bec="0" bev="0" fileid="2" />
                <SequencePoint vc="0" uspid="32" ordinal="24" sl="32" sc="1" el="32" ec="2" bec="0" bev="0" fileid="2" />
                <SequencePoint vc="0" uspid="33" ordinal="25" sl="33" sc="1" el="33" ec="2" bec="0" bev="0" fileid="2" />
                <SequencePoint vc="0" uspid="34" ordinal="26" sl="34" sc="1" el="34" ec="2" bec="0" bev="0" fileid="2" />
                <SequencePoint vc="0" uspid="35" ordinal="27" sl="35" sc="1" el="35" ec="2" bec="0" bev="0" fileid="2" />
                <SequencePoint vc="0" uspid="36" ordinal="28" sl="36" sc="1" el="36" ec="2" bec="0" bev="0" fileid="2" />
                <SequencePoint vc="0" uspid="37" ordinal="29" sl="37" sc="1" el="37" ec="2" bec="0" bev="0" fileid="2" />
                <SequencePoint vc="0" uspid="38" ordinal="30" sl="38" sc="1" el="38" ec="2" bec="0" bev="0" fileid="2" />
                <SequencePoint vc="0" uspid="39" ordinal="31" sl="39" sc="1" el="39" ec="2" bec="0" bev="0" fileid="2" />
                <SequencePoint vc="0" uspid="40" ordinal="32" sl="40" sc="1" el="40" ec="2" bec="0" bev="0" fileid="2" />
                <SequencePoint vc="0" uspid="41" ordinal="33" sl="41" sc="1" el="41" ec="2" bec="0" bev="0" fileid="2" />
                <SequencePoint vc="0" uspid="42" ordinal="34" sl="42" sc="1" el="42" ec="2" bec="0" bev="0" fileid="2" />
                <SequencePoint vc="0" uspid="43" ordinal="35" sl="43" sc="1" el="43" ec="2" bec="0" bev="0" fileid="2" />
                <SequencePoint vc="0" uspid="44" ordinal="36" sl="44" sc="1" el="44" ec="2" bec="0" bev="0" fileid="2" />
                <SequencePoint vc="0" uspid="45" ordinal="37" sl="45" sc="1" el="45" ec="2" bec="0" bev="0" fileid="2" />
                <SequencePoint vc="0" uspid="46" ordinal="38" sl="46" sc="1" el="46" ec="2" bec="0" bev="0" fileid="2" />
                <SequencePoint vc="0" uspid="47" ordinal="39" sl="47" sc="1" el="47" ec="2" bec="0" bev="0" fileid="2" />
                <SequencePoint vc="0" uspid="48" ordinal="40" sl="48" sc="1" el="48" ec="2" bec="0" bev="0" fileid="2" />
                <SequencePoint vc="0" uspid="49" ordinal="41" sl="49" sc="1" el="49" ec="2" bec="0" bev="0" fileid="2" />
                <SequencePoint vc="0" uspid="50" ordinal="42" sl="50" sc="1" el="50" ec="2" bec="0" bev="0" fileid="2" />
                <SequencePoint vc="0" uspid="51" ordinal="43" sl="51" sc="1" el="51" ec="2" bec="0" bev="0" fileid="2" />
                <SequencePoint vc="0" uspid="52" ordinal="44" sl="52" sc="1" el="52" ec="2" bec="0" bev="0" fileid="2" />
                <SequencePoint vc="0" uspid="53" ordinal="45" sl="53" sc="1" el="53" ec="2" bec="0" bev="0" fileid="2" />
                <SequencePoint vc="0" uspid="54" ordinal="46" sl="54" sc="1" el="54" ec="2" bec="0" bev="0" fileid="2" />
                <SequencePoint vc="0" uspid="55" ordinal="47" sl="55" sc="1" el="55" ec="2" bec="0" bev="0" fileid="2" />
                <SequencePoint vc="0" uspid="56" ordinal="48" sl="56" sc="1" el="56" ec="2" bec="0" bev="0" fileid="2" />
                <SequencePoint vc="0" uspid="57" ordinal="49" sl="57" sc="1" el="57" ec="2" bec="0" bev="0" fileid="2" />
                <SequencePoint vc="0" uspid="58" ordinal="50" sl="58" sc="1" el="58" ec="2" bec="0" bev="0" fileid="2" />
                <SequencePoint vc="0" uspid="59" ordinal="51" sl="59" sc="1" el="59" ec="2" bec="0" bev="0" fileid="2" />
                <SequencePoint vc="0" uspid="60" ordinal="52" sl="60" sc="1" el="60" ec="2" bec="0" bev="0" fileid="2" />
                <SequencePoint vc="0" uspid="61" ordinal="53" sl="61" sc="1" el="61" ec="2" bec="0" bev="0" fileid="2" />
                <SequencePoint vc="0" uspid="62" ordinal="54" sl="62" sc="1" el="62" ec="2" bec="0" bev="0" fileid="2" />
                <SequencePoint vc="0" uspid="63" ordinal="55" sl="63" sc="1" el="63" ec="2" bec="0" bev="0" fileid="2" />
                <SequencePoint vc="0" uspid="64" ordinal="56" sl="64" sc="1" el="64" ec="2" bec="0" bev="0" fileid="2" />
                <SequencePoint vc="0" uspid="65" ordinal="57" sl="65" sc="1" el="65" ec="2" bec="0" bev="0" fileid="2" />
                <SequencePoint vc="0" uspid="66" ordinal="58" sl="66" sc="1" el="66" ec="2" bec="0" bev="0" fileid="2" />
                <SequencePoint vc="0" uspid="67" ordinal="59" sl="67" sc="1" el="67" ec="2" bec="0" bev="0" fileid="2" />
                <SequencePoint vc="0" uspid="68" ordinal="60" sl="68" sc="1" el="68" ec="2" bec="0" bev="0" fileid="2" />
                <SequencePoint vc="0" uspid="69" ordinal="61" sl="69" sc="1" el="69" ec="2" bec="0" bev="0" fileid="2" />
                <SequencePoint vc="0" uspid="70" ordinal="62" sl="70" sc="1" el="70" ec="2" bec="0" bev="0" fileid="2" />
                <SequencePoint vc="0" uspid="71" ordinal="63" sl="71" sc="1" el="71" ec="2" bec="0" bev="0" fileid="2" />
                <SequencePoint vc="0" uspid="72" ordinal="64" sl="72" sc="1" el="72" ec="2" bec="0" bev="0" fileid="2" />
                <SequencePoint vc="0" uspid="73" ordinal="65" sl="73" sc="1" el="73" ec="2" bec="0" bev="0" fileid="2" />
                <SequencePoint vc="0" uspid="74" ordinal="66" sl="74" sc="1" el="74" ec="2" bec="0" bev="0" fileid="2" />
                <SequencePoint vc="0" uspid="75" ordinal="67" sl="75" sc="1" el="75" ec="2" bec="0" bev="0" fileid="2" />
                <SequencePoint vc="0" uspid="76" ordinal="68" sl="76" sc="1" el="76" ec="2" bec="0" bev="0" fileid="2" />
              </SequencePoints>
              <BranchPoints />
              <MethodPoint vc="0" uspid="0" p8:type="SequencePoint" ordinal="0" offset="0" sc="0" sl="8" ec="1" el="76" bec="0" bev="0" fileid="2" xmlns:p8="xsi" />
            </Method>
          </Methods>
        </Class>
        <Class>
          <Summary numSequencePoints="162" visitedSequencePoints="0" numBranchPoints="82" visitedBranchPoints="0" sequenceCoverage="0" branchCoverage="0" maxCyclomaticComplexity="30" minCyclomaticComplexity="2" visitedClasses="0" numClasses="1" visitedMethods="0" numMethods="8" />
          <FullName>CategoryMigrationLambda.Services.CategoryMigrationService</FullName>
          <Methods>
            <Method cyclomaticComplexity="8" nPathComplexity="8" sequenceCoverage="0" branchCoverage="0" isConstructor="False" isGetter="False" isSetter="False" isStatic="True">
              <Summary numSequencePoints="8" visitedSequencePoints="0" numBranchPoints="8" visitedBranchPoints="0" sequenceCoverage="0" branchCoverage="0" maxCyclomaticComplexity="8" minCyclomaticComplexity="8" visitedClasses="0" numClasses="0" visitedMethods="0" numMethods="1" />
              <MetadataToken />
              <Name>System.Boolean CategoryMigrationLambda.Services.CategoryMigrationService::NeedsMigration(System.Nullable`1&lt;System.Int32&gt;,System.Collections.Generic.List`1&lt;System.Int32&gt;)</Name>
              <FileRef uid="3" />
              <SequencePoints>
                <SequencePoint vc="0" uspid="109" ordinal="0" sl="109" sc="1" el="109" ec="2" bec="0" bev="0" fileid="3" />
                <SequencePoint vc="0" uspid="110" ordinal="1" sl="110" sc="1" el="110" ec="2" bec="2" bev="0" fileid="3" />
                <SequencePoint vc="0" uspid="111" ordinal="2" sl="111" sc="1" el="111" ec="2" bec="0" bev="0" fileid="3" />
                <SequencePoint vc="0" uspid="119" ordinal="3" sl="119" sc="1" el="119" ec="2" bec="4" bev="0" fileid="3" />
                <SequencePoint vc="0" uspid="120" ordinal="4" sl="120" sc="1" el="120" ec="2" bec="0" bev="0" fileid="3" />
                <SequencePoint vc="0" uspid="121" ordinal="5" sl="121" sc="1" el="121" ec="2" bec="0" bev="0" fileid="3" />
                <SequencePoint vc="0" uspid="126" ordinal="6" sl="126" sc="1" el="126" ec="2" bec="2" bev="0" fileid="3" />
                <SequencePoint vc="0" uspid="127" ordinal="7" sl="127" sc="1" el="127" ec="2" bec="0" bev="0" fileid="3" />
              </SequencePoints>
              <BranchPoints>
                <BranchPoint vc="0" uspid="110" ordinal="0" path="0" offset="13" offsetend="15" sl="110" fileid="3" />
                <BranchPoint vc="0" uspid="110" ordinal="1" path="1" offset="13" offsetend="19" sl="110" fileid="3" />
                <BranchPoint vc="0" uspid="119" ordinal="2" path="0" offset="27" offsetend="29" sl="119" fileid="3" />
                <BranchPoint vc="0" uspid="119" ordinal="3" path="1" offset="27" offsetend="42" sl="119" fileid="3" />
                <BranchPoint vc="0" uspid="119" ordinal="4" path="0" offset="45" offsetend="47" sl="119" fileid="3" />
                <BranchPoint vc="0" uspid="119" ordinal="5" path="1" offset="45" offsetend="52" sl="119" fileid="3" />
                <BranchPoint vc="0" uspid="126" ordinal="6" path="0" offset="53" offsetend="55" sl="126" fileid="3" />
                <BranchPoint vc="0" uspid="126" ordinal="7" path="1" offset="53" offsetend="66" sl="126" fileid="3" />
              </BranchPoints>
              <MethodPoint vc="0" uspid="0" p8:type="SequencePoint" ordinal="0" offset="0" sc="0" sl="109" ec="1" el="127" bec="0" bev="0" fileid="3" xmlns:p8="xsi" />
            </Method>
            <Method cyclomaticComplexity="14" nPathComplexity="14" sequenceCoverage="0" branchCoverage="0" isConstructor="False" isGetter="False" isSetter="False" isStatic="True">
              <Summary numSequencePoints="43" visitedSequencePoints="0" numBranchPoints="14" visitedBranchPoints="0" sequenceCoverage="0" branchCoverage="0" maxCyclomaticComplexity="14" minCyclomaticComplexity="14" visitedClasses="0" numClasses="0" visitedMethods="0" numMethods="1" />
              <MetadataToken />
              <Name>Amazon.DynamoDBv2.DocumentModel.Document CategoryMigrationLambda.Services.CategoryMigrationService::CreateNewPreferenceDocument(Amazon.DynamoDBv2.DocumentModel.Document,System.Nullable`1&lt;System.Int32&gt;,System.Collections.Generic.List`1&lt;System.Int32&gt;)</Name>
              <FileRef uid="3" />
              <SequencePoints>
                <SequencePoint vc="0" uspid="349" ordinal="0" sl="349" sc="1" el="349" ec="2" bec="0" bev="0" fileid="3" />
                <SequencePoint vc="0" uspid="351" ordinal="1" sl="351" sc="1" el="351" ec="2" bec="0" bev="0" fileid="3" />
                <SequencePoint vc="0" uspid="353" ordinal="2" sl="353" sc="1" el="353" ec="2" bec="2" bev="0" fileid="3" />
                <SequencePoint vc="0" uspid="354" ordinal="3" sl="354" sc="1" el="354" ec="2" bec="0" bev="0" fileid="3" />
                <SequencePoint vc="0" uspid="355" ordinal="4" sl="355" sc="1" el="355" ec="2" bec="0" bev="0" fileid="3" />
                <SequencePoint vc="0" uspid="356" ordinal="5" sl="356" sc="1" el="356" ec="2" bec="0" bev="0" fileid="3" />
                <SequencePoint vc="0" uspid="359" ordinal="6" sl="359" sc="1" el="359" ec="2" bec="0" bev="0" fileid="3" />
                <SequencePoint vc="0" uspid="360" ordinal="7" sl="360" sc="1" el="360" ec="2" bec="0" bev="0" fileid="3" />
                <SequencePoint vc="0" uspid="361" ordinal="8" sl="361" sc="1" el="361" ec="2" bec="0" bev="0" fileid="3" />
                <SequencePoint vc="0" uspid="365" ordinal="9" sl="365" sc="1" el="365" ec="2" bec="2" bev="0" fileid="3" />
                <SequencePoint vc="0" uspid="366" ordinal="10" sl="366" sc="1" el="366" ec="2" bec="0" bev="0" fileid="3" />
                <SequencePoint vc="0" uspid="367" ordinal="11" sl="367" sc="1" el="367" ec="2" bec="0" bev="0" fileid="3" />
                <SequencePoint vc="0" uspid="369" ordinal="12" sl="369" sc="1" el="369" ec="2" bec="0" bev="0" fileid="3" />
                <SequencePoint vc="0" uspid="370" ordinal="13" sl="370" sc="1" el="370" ec="2" bec="0" bev="0" fileid="3" />
                <SequencePoint vc="0" uspid="373" ordinal="14" sl="373" sc="1" el="373" ec="2" bec="0" bev="0" fileid="3" />
                <SequencePoint vc="0" uspid="374" ordinal="15" sl="374" sc="1" el="374" ec="2" bec="0" bev="0" fileid="3" />
                <SequencePoint vc="0" uspid="378" ordinal="16" sl="378" sc="1" el="378" ec="2" bec="2" bev="0" fileid="3" />
                <SequencePoint vc="0" uspid="379" ordinal="17" sl="379" sc="1" el="379" ec="2" bec="0" bev="0" fileid="3" />
                <SequencePoint vc="0" uspid="380" ordinal="18" sl="380" sc="1" el="380" ec="2" bec="0" bev="0" fileid="3" />
                <SequencePoint vc="0" uspid="381" ordinal="19" sl="381" sc="1" el="381" ec="2" bec="0" bev="0" fileid="3" />
                <SequencePoint vc="0" uspid="384" ordinal="20" sl="384" sc="1" el="384" ec="2" bec="2" bev="0" fileid="3" />
                <SequencePoint vc="0" uspid="387" ordinal="21" sl="387" sc="1" el="387" ec="2" bec="0" bev="0" fileid="3" />
                <SequencePoint vc="0" uspid="388" ordinal="22" sl="388" sc="1" el="388" ec="2" bec="2" bev="0" fileid="3" />
                <SequencePoint vc="0" uspid="389" ordinal="23" sl="389" sc="1" el="389" ec="2" bec="0" bev="0" fileid="3" />
                <SequencePoint vc="0" uspid="390" ordinal="24" sl="390" sc="1" el="390" ec="2" bec="0" bev="0" fileid="3" />
                <SequencePoint vc="0" uspid="391" ordinal="25" sl="391" sc="1" el="391" ec="2" bec="0" bev="0" fileid="3" />
                <SequencePoint vc="0" uspid="392" ordinal="26" sl="392" sc="1" el="392" ec="2" bec="0" bev="0" fileid="3" />
                <SequencePoint vc="0" uspid="396" ordinal="27" sl="396" sc="1" el="396" ec="2" bec="0" bev="0" fileid="3" />
                <SequencePoint vc="0" uspid="399" ordinal="28" sl="399" sc="1" el="399" ec="2" bec="0" bev="0" fileid="3" />
                <SequencePoint vc="0" uspid="404" ordinal="29" sl="404" sc="1" el="404" ec="2" bec="0" bev="0" fileid="3" />
                <SequencePoint vc="0" uspid="408" ordinal="30" sl="408" sc="1" el="408" ec="2" bec="2" bev="0" fileid="3" />
                <SequencePoint vc="0" uspid="409" ordinal="31" sl="409" sc="1" el="409" ec="2" bec="0" bev="0" fileid="3" />
                <SequencePoint vc="0" uspid="410" ordinal="32" sl="410" sc="1" el="410" ec="2" bec="0" bev="0" fileid="3" />
                <SequencePoint vc="0" uspid="411" ordinal="33" sl="411" sc="1" el="411" ec="2" bec="0" bev="0" fileid="3" />
                <SequencePoint vc="0" uspid="412" ordinal="34" sl="412" sc="1" el="412" ec="2" bec="2" bev="0" fileid="3" />
                <SequencePoint vc="0" uspid="413" ordinal="35" sl="413" sc="1" el="413" ec="2" bec="0" bev="0" fileid="3" />
                <SequencePoint vc="0" uspid="415" ordinal="36" sl="415" sc="1" el="415" ec="2" bec="0" bev="0" fileid="3" />
                <SequencePoint vc="0" uspid="416" ordinal="37" sl="416" sc="1" el="416" ec="2" bec="0" bev="0" fileid="3" />
                <SequencePoint vc="0" uspid="417" ordinal="38" sl="417" sc="1" el="417" ec="2" bec="0" bev="0" fileid="3" />
                <SequencePoint vc="0" uspid="419" ordinal="39" sl="419" sc="1" el="419" ec="2" bec="0" bev="0" fileid="3" />
                <SequencePoint vc="0" uspid="420" ordinal="40" sl="420" sc="1" el="420" ec="2" bec="0" bev="0" fileid="3" />
                <SequencePoint vc="0" uspid="422" ordinal="41" sl="422" sc="1" el="422" ec="2" bec="0" bev="0" fileid="3" />
                <SequencePoint vc="0" uspid="423" ordinal="42" sl="423" sc="1" el="423" ec="2" bec="0" bev="0" fileid="3" />
              </SequencePoints>
              <BranchPoints>
                <BranchPoint vc="0" uspid="353" ordinal="1" path="1" offset="58" offsetend="23" sl="353" fileid="3" />
                <BranchPoint vc="0" uspid="353" ordinal="0" path="0" offset="58" offsetend="60" sl="353" fileid="3" />
                <BranchPoint vc="0" uspid="365" ordinal="2" path="0" offset="146" offsetend="148" sl="365" fileid="3" />
                <BranchPoint vc="0" uspid="365" ordinal="3" path="1" offset="146" offsetend="194" sl="365" fileid="3" />
                <BranchPoint vc="0" uspid="378" ordinal="4" path="0" offset="229" offsetend="231" sl="378" fileid="3" />
                <BranchPoint vc="0" uspid="378" ordinal="5" path="1" offset="229" offsetend="268" sl="378" fileid="3" />
                <BranchPoint vc="0" uspid="384" ordinal="6" path="0" offset="284" offsetend="286" sl="384" fileid="3" />
                <BranchPoint vc="0" uspid="384" ordinal="7" path="1" offset="284" offsetend="289" sl="384" fileid="3" />
                <BranchPoint vc="0" uspid="388" ordinal="9" path="1" offset="364" offsetend="325" sl="388" fileid="3" />
                <BranchPoint vc="0" uspid="388" ordinal="8" path="0" offset="364" offsetend="366" sl="388" fileid="3" />
                <BranchPoint vc="0" uspid="408" ordinal="10" path="0" offset="449" offsetend="451" sl="408" fileid="3" />
                <BranchPoint vc="0" uspid="408" ordinal="11" path="1" offset="449" offsetend="473" sl="408" fileid="3" />
                <BranchPoint vc="0" uspid="412" ordinal="12" path="0" offset="499" offsetend="501" sl="412" fileid="3" />
                <BranchPoint vc="0" uspid="412" ordinal="13" path="1" offset="499" offsetend="540" sl="412" fileid="3" />
              </BranchPoints>
              <MethodPoint vc="0" uspid="0" p8:type="SequencePoint" ordinal="1" offset="1" sc="0" sl="349" ec="1" el="423" bec="0" bev="0" fileid="3" xmlns:p8="xsi" />
            </Method>
            <Method cyclomaticComplexity="10" nPathComplexity="10" sequenceCoverage="0" branchCoverage="0" isConstructor="False" isGetter="False" isSetter="False" isStatic="True">
              <Summary numSequencePoints="19" visitedSequencePoints="0" numBranchPoints="10" visitedBranchPoints="0" sequenceCoverage="0" branchCoverage="0" maxCyclomaticComplexity="10" minCyclomaticComplexity="10" visitedClasses="0" numClasses="0" visitedMethods="0" numMethods="1" />
              <MetadataToken />
              <Name>System.Void CategoryMigrationLambda.Services.CategoryMigrationService::CleanupInvalidStringSetFields(Amazon.DynamoDBv2.DocumentModel.Document)</Name>
              <FileRef uid="3" />
              <SequencePoints>
                <SequencePoint vc="0" uspid="426" ordinal="0" sl="426" sc="1" el="426" ec="2" bec="0" bev="0" fileid="3" />
                <SequencePoint vc="0" uspid="429" ordinal="1" sl="429" sc="1" el="429" ec="2" bec="0" bev="0" fileid="3" />
                <SequencePoint vc="0" uspid="431" ordinal="2" sl="431" sc="1" el="431" ec="2" bec="2" bev="0" fileid="3" />
                <SequencePoint vc="0" uspid="432" ordinal="3" sl="432" sc="1" el="432" ec="2" bec="0" bev="0" fileid="3" />
                <SequencePoint vc="0" uspid="433" ordinal="4" sl="433" sc="1" el="433" ec="2" bec="2" bev="0" fileid="3" />
                <SequencePoint vc="0" uspid="434" ordinal="5" sl="434" sc="1" el="434" ec="2" bec="0" bev="0" fileid="3" />
                <SequencePoint vc="0" uspid="435" ordinal="6" sl="435" sc="1" el="435" ec="2" bec="0" bev="0" fileid="3" />
                <SequencePoint vc="0" uspid="436" ordinal="7" sl="436" sc="1" el="436" ec="2" bec="2" bev="0" fileid="3" />
                <SequencePoint vc="0" uspid="437" ordinal="8" sl="437" sc="1" el="437" ec="2" bec="0" bev="0" fileid="3" />
                <SequencePoint vc="0" uspid="439" ordinal="9" sl="439" sc="1" el="439" ec="2" bec="0" bev="0" fileid="3" />
                <SequencePoint vc="0" uspid="440" ordinal="10" sl="440" sc="1" el="440" ec="2" bec="2" bev="0" fileid="3" />
                <SequencePoint vc="0" uspid="442" ordinal="11" sl="442" sc="1" el="442" ec="2" bec="2" bev="0" fileid="3" />
                <SequencePoint vc="0" uspid="443" ordinal="12" sl="443" sc="1" el="443" ec="2" bec="0" bev="0" fileid="3" />
                <SequencePoint vc="0" uspid="445" ordinal="13" sl="445" sc="1" el="445" ec="2" bec="0" bev="0" fileid="3" />
                <SequencePoint vc="0" uspid="446" ordinal="14" sl="446" sc="1" el="446" ec="2" bec="0" bev="0" fileid="3" />
                <SequencePoint vc="0" uspid="447" ordinal="15" sl="447" sc="1" el="447" ec="2" bec="0" bev="0" fileid="3" />
                <SequencePoint vc="0" uspid="448" ordinal="16" sl="448" sc="1" el="448" ec="2" bec="0" bev="0" fileid="3" />
                <SequencePoint vc="0" uspid="449" ordinal="17" sl="449" sc="1" el="449" ec="2" bec="0" bev="0" fileid="3" />
                <SequencePoint vc="0" uspid="450" ordinal="18" sl="450" sc="1" el="450" ec="2" bec="0" bev="0" fileid="3" />
              </SequencePoints>
              <BranchPoints>
                <BranchPoint vc="0" uspid="431" ordinal="7" path="1" offset="170" offsetend="47" sl="431" fileid="3" />
                <BranchPoint vc="0" uspid="433" ordinal="0" path="0" offset="63" offsetend="65" sl="433" fileid="3" />
                <BranchPoint vc="0" uspid="436" ordinal="2" path="0" offset="93" offsetend="95" sl="436" fileid="3" />
                <BranchPoint vc="0" uspid="442" ordinal="4" path="0" offset="147" offsetend="149" sl="442" fileid="3" />
                <BranchPoint vc="0" uspid="442" ordinal="5" path="1" offset="147" offsetend="159" sl="442" fileid="3" />
                <BranchPoint vc="0" uspid="436" ordinal="3" path="1" offset="93" offsetend="160" sl="436" fileid="3" />
                <BranchPoint vc="0" uspid="433" ordinal="1" path="1" offset="63" offsetend="161" sl="433" fileid="3" />
                <BranchPoint vc="0" uspid="431" ordinal="6" path="0" offset="170" offsetend="172" sl="431" fileid="3" />
                <BranchPoint vc="0" uspid="440" ordinal="0" path="0" offset="1" offsetend="3" sl="440" fileid="3" />
                <BranchPoint vc="0" uspid="440" ordinal="1" path="1" offset="1" offsetend="18" sl="440" fileid="3" />
              </BranchPoints>
              <MethodPoint vc="0" uspid="0" p8:type="SequencePoint" ordinal="2" offset="2" sc="0" sl="426" ec="1" el="450" bec="0" bev="0" fileid="3" xmlns:p8="xsi" />
            </Method>
            <Method cyclomaticComplexity="4" nPathComplexity="4" sequenceCoverage="0" branchCoverage="0" isConstructor="False" isGetter="False" isSetter="False" isStatic="True">
              <Summary numSequencePoints="10" visitedSequencePoints="0" numBranchPoints="4" visitedBranchPoints="0" sequenceCoverage="0" branchCoverage="0" maxCyclomaticComplexity="4" minCyclomaticComplexity="4" visitedClasses="0" numClasses="0" visitedMethods="0" numMethods="1" />
              <MetadataToken />
              <Name>System.Void CategoryMigrationLambda.Services.CategoryMigrationService::EnsureRequiredListFields(Amazon.DynamoDBv2.DocumentModel.Document)</Name>
              <FileRef uid="3" />
              <SequencePoints>
                <SequencePoint vc="0" uspid="453" ordinal="0" sl="453" sc="1" el="453" ec="2" bec="0" bev="0" fileid="3" />
                <SequencePoint vc="0" uspid="455" ordinal="1" sl="455" sc="1" el="455" ec="2" bec="2" bev="0" fileid="3" />
                <SequencePoint vc="0" uspid="456" ordinal="2" sl="456" sc="1" el="456" ec="2" bec="0" bev="0" fileid="3" />
                <SequencePoint vc="0" uspid="457" ordinal="3" sl="457" sc="1" el="457" ec="2" bec="0" bev="0" fileid="3" />
                <SequencePoint vc="0" uspid="458" ordinal="4" sl="458" sc="1" el="458" ec="2" bec="0" bev="0" fileid="3" />
                <SequencePoint vc="0" uspid="461" ordinal="5" sl="461" sc="1" el="461" ec="2" bec="2" bev="0" fileid="3" />
                <SequencePoint vc="0" uspid="462" ordinal="6" sl="462" sc="1" el="462" ec="2" bec="0" bev="0" fileid="3" />
                <SequencePoint vc="0" uspid="463" ordinal="7" sl="463" sc="1" el="463" ec="2" bec="0" bev="0" fileid="3" />
                <SequencePoint vc="0" uspid="464" ordinal="8" sl="464" sc="1" el="464" ec="2" bec="0" bev="0" fileid="3" />
                <SequencePoint vc="0" uspid="469" ordinal="9" sl="469" sc="1" el="469" ec="2" bec="0" bev="0" fileid="3" />
              </SequencePoints>
              <BranchPoints>
                <BranchPoint vc="0" uspid="455" ordinal="0" path="0" offset="17" offsetend="19" sl="455" fileid="3" />
                <BranchPoint vc="0" uspid="455" ordinal="1" path="1" offset="17" offsetend="38" sl="455" fileid="3" />
                <BranchPoint vc="0" uspid="461" ordinal="2" path="0" offset="54" offsetend="56" sl="461" fileid="3" />
                <BranchPoint vc="0" uspid="461" ordinal="3" path="1" offset="54" offsetend="75" sl="461" fileid="3" />
              </BranchPoints>
              <MethodPoint vc="0" uspid="0" p8:type="SequencePoint" ordinal="3" offset="3" sc="0" sl="453" ec="1" el="469" bec="0" bev="0" fileid="3" xmlns:p8="xsi" />
            </Method>
            <Method cyclomaticComplexity="4" nPathComplexity="4" sequenceCoverage="0" branchCoverage="0" isConstructor="False" isGetter="False" isSetter="False" isStatic="True">
              <Summary numSequencePoints="11" visitedSequencePoints="0" numBranchPoints="4" visitedBranchPoints="0" sequenceCoverage="0" branchCoverage="0" maxCyclomaticComplexity="4" minCyclomaticComplexity="4" visitedClasses="0" numClasses="0" visitedMethods="0" numMethods="1" />
              <MetadataToken />
              <Name>System.Void CategoryMigrationLambda.Services.CategoryMigrationService::UpdateDocumentWithMigratedCategories(Amazon.DynamoDBv2.DocumentModel.Document,System.Nullable`1&lt;System.Int32&gt;,System.Collections.Generic.List`1&lt;System.Int32&gt;)</Name>
              <FileRef uid="3" />
              <SequencePoints>
                <SequencePoint vc="0" uspid="472" ordinal="0" sl="472" sc="1" el="472" ec="2" bec="0" bev="0" fileid="3" />
                <SequencePoint vc="0" uspid="474" ordinal="1" sl="474" sc="1" el="474" ec="2" bec="2" bev="0" fileid="3" />
                <SequencePoint vc="0" uspid="477" ordinal="2" sl="477" sc="1" el="477" ec="2" bec="0" bev="0" fileid="3" />
                <SequencePoint vc="0" uspid="478" ordinal="3" sl="478" sc="1" el="478" ec="2" bec="2" bev="0" fileid="3" />
                <SequencePoint vc="0" uspid="479" ordinal="4" sl="479" sc="1" el="479" ec="2" bec="0" bev="0" fileid="3" />
                <SequencePoint vc="0" uspid="480" ordinal="5" sl="480" sc="1" el="480" ec="2" bec="0" bev="0" fileid="3" />
                <SequencePoint vc="0" uspid="481" ordinal="6" sl="481" sc="1" el="481" ec="2" bec="0" bev="0" fileid="3" />
                <SequencePoint vc="0" uspid="482" ordinal="7" sl="482" sc="1" el="482" ec="2" bec="0" bev="0" fileid="3" />
                <SequencePoint vc="0" uspid="485" ordinal="8" sl="485" sc="1" el="485" ec="2" bec="0" bev="0" fileid="3" />
                <SequencePoint vc="0" uspid="488" ordinal="9" sl="488" sc="1" el="488" ec="2" bec="0" bev="0" fileid="3" />
                <SequencePoint vc="0" uspid="489" ordinal="10" sl="489" sc="1" el="489" ec="2" bec="0" bev="0" fileid="3" />
              </SequencePoints>
              <BranchPoints>
                <BranchPoint vc="0" uspid="474" ordinal="0" path="0" offset="16" offsetend="18" sl="474" fileid="3" />
                <BranchPoint vc="0" uspid="474" ordinal="1" path="1" offset="16" offsetend="21" sl="474" fileid="3" />
                <BranchPoint vc="0" uspid="478" ordinal="3" path="1" offset="92" offsetend="55" sl="478" fileid="3" />
                <BranchPoint vc="0" uspid="478" ordinal="2" path="0" offset="92" offsetend="94" sl="478" fileid="3" />
              </BranchPoints>
              <MethodPoint vc="0" uspid="0" p8:type="SequencePoint" ordinal="4" offset="4" sc="0" sl="472" ec="1" el="489" bec="0" bev="0" fileid="3" xmlns:p8="xsi" />
            </Method>
            <Method cyclomaticComplexity="30" nPathComplexity="30" sequenceCoverage="0" branchCoverage="0" isConstructor="False" isGetter="False" isSetter="False" isStatic="True">
              <Summary numSequencePoints="53" visitedSequencePoints="0" numBranchPoints="30" visitedBranchPoints="0" sequenceCoverage="0" branchCoverage="0" maxCyclomaticComplexity="30" minCyclomaticComplexity="30" visitedClasses="0" numClasses="0" visitedMethods="0" numMethods="1" />
              <MetadataToken />
              <Name>System.Collections.Generic.Dictionary`2&lt;System.Nullable`1&lt;System.Int32&gt;,System.Collections.Generic.List`1&lt;System.Int32&gt;&gt; CategoryMigrationLambda.Services.CategoryMigrationService::MigrateCategoryAndSubcategoriesGrouped(System.Nullable`1&lt;System.Int32&gt;,System.Collections.Generic.List`1&lt;System.Int32&gt;)</Name>
              <FileRef uid="3" />
              <SequencePoints>
                <SequencePoint vc="0" uspid="494" ordinal="0" sl="494" sc="1" el="494" ec="2" bec="0" bev="0" fileid="3" />
                <SequencePoint vc="0" uspid="495" ordinal="1" sl="495" sc="1" el="495" ec="2" bec="0" bev="0" fileid="3" />
                <SequencePoint vc="0" uspid="498" ordinal="2" sl="498" sc="1" el="498" ec="2" bec="4" bev="0" fileid="3" />
                <SequencePoint vc="0" uspid="499" ordinal="3" sl="499" sc="1" el="499" ec="2" bec="0" bev="0" fileid="3" />
                <SequencePoint vc="0" uspid="501" ordinal="4" sl="501" sc="1" el="501" ec="2" bec="2" bev="0" fileid="3" />
                <SequencePoint vc="0" uspid="502" ordinal="5" sl="502" sc="1" el="502" ec="2" bec="0" bev="0" fileid="3" />
                <SequencePoint vc="0" uspid="503" ordinal="6" sl="503" sc="1" el="503" ec="2" bec="0" bev="0" fileid="3" />
                <SequencePoint vc="0" uspid="504" ordinal="7" sl="504" sc="1" el="504" ec="2" bec="2" bev="0" fileid="3" />
                <SequencePoint vc="0" uspid="505" ordinal="8" sl="505" sc="1" el="505" ec="2" bec="0" bev="0" fileid="3" />
                <SequencePoint vc="0" uspid="506" ordinal="9" sl="506" sc="1" el="506" ec="2" bec="2" bev="0" fileid="3" />
                <SequencePoint vc="0" uspid="507" ordinal="10" sl="507" sc="1" el="507" ec="2" bec="0" bev="0" fileid="3" />
                <SequencePoint vc="0" uspid="508" ordinal="11" sl="508" sc="1" el="508" ec="2" bec="0" bev="0" fileid="3" />
                <SequencePoint vc="0" uspid="509" ordinal="12" sl="509" sc="1" el="509" ec="2" bec="0" bev="0" fileid="3" />
                <SequencePoint vc="0" uspid="510" ordinal="13" sl="510" sc="1" el="510" ec="2" bec="0" bev="0" fileid="3" />
                <SequencePoint vc="0" uspid="511" ordinal="14" sl="511" sc="1" el="511" ec="2" bec="0" bev="0" fileid="3" />
                <SequencePoint vc="0" uspid="512" ordinal="15" sl="512" sc="1" el="512" ec="2" bec="0" bev="0" fileid="3" />
                <SequencePoint vc="0" uspid="514" ordinal="16" sl="514" sc="1" el="514" ec="2" bec="0" bev="0" fileid="3" />
                <SequencePoint vc="0" uspid="516" ordinal="17" sl="516" sc="1" el="516" ec="2" bec="2" bev="0" fileid="3" />
                <SequencePoint vc="0" uspid="517" ordinal="18" sl="517" sc="1" el="517" ec="2" bec="0" bev="0" fileid="3" />
                <SequencePoint vc="0" uspid="518" ordinal="19" sl="518" sc="1" el="518" ec="2" bec="0" bev="0" fileid="3" />
                <SequencePoint vc="0" uspid="520" ordinal="20" sl="520" sc="1" el="520" ec="2" bec="2" bev="0" fileid="3" />
                <SequencePoint vc="0" uspid="521" ordinal="21" sl="521" sc="1" el="521" ec="2" bec="0" bev="0" fileid="3" />
                <SequencePoint vc="0" uspid="523" ordinal="22" sl="523" sc="1" el="523" ec="2" bec="2" bev="0" fileid="3" />
                <SequencePoint vc="0" uspid="524" ordinal="23" sl="524" sc="1" el="524" ec="2" bec="0" bev="0" fileid="3" />
                <SequencePoint vc="0" uspid="525" ordinal="24" sl="525" sc="1" el="525" ec="2" bec="0" bev="0" fileid="3" />
                <SequencePoint vc="0" uspid="529" ordinal="25" sl="529" sc="1" el="529" ec="2" bec="2" bev="0" fileid="3" />
                <SequencePoint vc="0" uspid="530" ordinal="26" sl="530" sc="1" el="530" ec="2" bec="0" bev="0" fileid="3" />
                <SequencePoint vc="0" uspid="531" ordinal="27" sl="531" sc="1" el="531" ec="2" bec="0" bev="0" fileid="3" />
                <SequencePoint vc="0" uspid="532" ordinal="28" sl="532" sc="1" el="532" ec="2" bec="0" bev="0" fileid="3" />
                <SequencePoint vc="0" uspid="535" ordinal="29" sl="535" sc="1" el="535" ec="2" bec="2" bev="0" fileid="3" />
                <SequencePoint vc="0" uspid="536" ordinal="30" sl="536" sc="1" el="536" ec="2" bec="0" bev="0" fileid="3" />
                <SequencePoint vc="0" uspid="537" ordinal="31" sl="537" sc="1" el="537" ec="2" bec="0" bev="0" fileid="3" />
                <SequencePoint vc="0" uspid="538" ordinal="32" sl="538" sc="1" el="538" ec="2" bec="0" bev="0" fileid="3" />
                <SequencePoint vc="0" uspid="539" ordinal="33" sl="539" sc="1" el="539" ec="2" bec="0" bev="0" fileid="3" />
                <SequencePoint vc="0" uspid="540" ordinal="34" sl="540" sc="1" el="540" ec="2" bec="0" bev="0" fileid="3" />
                <SequencePoint vc="0" uspid="543" ordinal="35" sl="543" sc="1" el="543" ec="2" bec="4" bev="0" fileid="3" />
                <SequencePoint vc="0" uspid="544" ordinal="36" sl="544" sc="1" el="544" ec="2" bec="0" bev="0" fileid="3" />
                <SequencePoint vc="0" uspid="545" ordinal="37" sl="545" sc="1" el="545" ec="2" bec="0" bev="0" fileid="3" />
                <SequencePoint vc="0" uspid="546" ordinal="38" sl="546" sc="1" el="546" ec="2" bec="2" bev="0" fileid="3" />
                <SequencePoint vc="0" uspid="547" ordinal="39" sl="547" sc="1" el="547" ec="2" bec="0" bev="0" fileid="3" />
                <SequencePoint vc="0" uspid="548" ordinal="40" sl="548" sc="1" el="548" ec="2" bec="2" bev="0" fileid="3" />
                <SequencePoint vc="0" uspid="549" ordinal="41" sl="549" sc="1" el="549" ec="2" bec="0" bev="0" fileid="3" />
                <SequencePoint vc="0" uspid="550" ordinal="42" sl="550" sc="1" el="550" ec="2" bec="0" bev="0" fileid="3" />
                <SequencePoint vc="0" uspid="551" ordinal="43" sl="551" sc="1" el="551" ec="2" bec="0" bev="0" fileid="3" />
                <SequencePoint vc="0" uspid="552" ordinal="44" sl="552" sc="1" el="552" ec="2" bec="0" bev="0" fileid="3" />
                <SequencePoint vc="0" uspid="553" ordinal="45" sl="553" sc="1" el="553" ec="2" bec="0" bev="0" fileid="3" />
                <SequencePoint vc="0" uspid="554" ordinal="46" sl="554" sc="1" el="554" ec="2" bec="0" bev="0" fileid="3" />
                <SequencePoint vc="0" uspid="557" ordinal="47" sl="557" sc="1" el="557" ec="2" bec="2" bev="0" fileid="3" />
                <SequencePoint vc="0" uspid="558" ordinal="48" sl="558" sc="1" el="558" ec="2" bec="0" bev="0" fileid="3" />
                <SequencePoint vc="0" uspid="559" ordinal="49" sl="559" sc="1" el="559" ec="2" bec="0" bev="0" fileid="3" />
                <SequencePoint vc="0" uspid="560" ordinal="50" sl="560" sc="1" el="560" ec="2" bec="0" bev="0" fileid="3" />
                <SequencePoint vc="0" uspid="562" ordinal="51" sl="562" sc="1" el="562" ec="2" bec="0" bev="0" fileid="3" />
                <SequencePoint vc="0" uspid="563" ordinal="52" sl="563" sc="1" el="563" ec="2" bec="0" bev="0" fileid="3" />
              </SequencePoints>
              <BranchPoints>
                <BranchPoint vc="0" uspid="498" ordinal="0" path="0" offset="8" offsetend="10" sl="498" fileid="3" />
                <BranchPoint vc="0" uspid="498" ordinal="1" path="1" offset="8" offsetend="21" sl="498" fileid="3" />
                <BranchPoint vc="0" uspid="498" ordinal="2" path="0" offset="24" offsetend="29" sl="498" fileid="3" />
                <BranchPoint vc="0" uspid="501" ordinal="4" path="0" offset="39" offsetend="41" sl="501" fileid="3" />
                <BranchPoint vc="0" uspid="504" ordinal="6" path="0" offset="109" offsetend="111" sl="504" fileid="3" />
                <BranchPoint vc="0" uspid="506" ordinal="8" path="0" offset="132" offsetend="134" sl="506" fileid="3" />
                <BranchPoint vc="0" uspid="506" ordinal="9" path="1" offset="132" offsetend="155" sl="506" fileid="3" />
                <BranchPoint vc="0" uspid="504" ordinal="7" path="1" offset="109" offsetend="156" sl="504" fileid="3" />
                <BranchPoint vc="0" uspid="501" ordinal="5" path="1" offset="39" offsetend="157" sl="501" fileid="3" />
                <BranchPoint vc="0" uspid="498" ordinal="3" path="1" offset="24" offsetend="163" sl="498" fileid="3" />
                <BranchPoint vc="0" uspid="516" ordinal="19" path="1" offset="372" offsetend="178" sl="516" fileid="3" />
                <BranchPoint vc="0" uspid="520" ordinal="10" path="0" offset="242" offsetend="244" sl="520" fileid="3" />
                <BranchPoint vc="0" uspid="523" ordinal="12" path="0" offset="264" offsetend="266" sl="523" fileid="3" />
                <BranchPoint vc="0" uspid="523" ordinal="13" path="1" offset="264" offsetend="269" sl="523" fileid="3" />
                <BranchPoint vc="0" uspid="529" ordinal="14" path="0" offset="289" offsetend="291" sl="529" fileid="3" />
                <BranchPoint vc="0" uspid="529" ordinal="15" path="1" offset="289" offsetend="312" sl="529" fileid="3" />
                <BranchPoint vc="0" uspid="535" ordinal="16" path="0" offset="328" offsetend="330" sl="535" fileid="3" />
                <BranchPoint vc="0" uspid="535" ordinal="17" path="1" offset="328" offsetend="363" sl="535" fileid="3" />
                <BranchPoint vc="0" uspid="520" ordinal="11" path="1" offset="242" offsetend="364" sl="520" fileid="3" />
                <BranchPoint vc="0" uspid="516" ordinal="18" path="0" offset="372" offsetend="377" sl="516" fileid="3" />
                <BranchPoint vc="0" uspid="543" ordinal="20" path="0" offset="400" offsetend="402" sl="543" fileid="3" />
                <BranchPoint vc="0" uspid="543" ordinal="21" path="1" offset="400" offsetend="411" sl="543" fileid="3" />
                <BranchPoint vc="0" uspid="543" ordinal="22" path="0" offset="416" offsetend="418" sl="543" fileid="3" />
                <BranchPoint vc="0" uspid="546" ordinal="24" path="0" offset="487" offsetend="489" sl="546" fileid="3" />
                <BranchPoint vc="0" uspid="548" ordinal="26" path="0" offset="506" offsetend="508" sl="548" fileid="3" />
                <BranchPoint vc="0" uspid="548" ordinal="27" path="1" offset="506" offsetend="529" sl="548" fileid="3" />
                <BranchPoint vc="0" uspid="546" ordinal="25" path="1" offset="487" offsetend="530" sl="546" fileid="3" />
                <BranchPoint vc="0" uspid="543" ordinal="23" path="1" offset="416" offsetend="531" sl="543" fileid="3" />
                <BranchPoint vc="0" uspid="557" ordinal="29" path="1" offset="634" offsetend="553" sl="557" fileid="3" />
                <BranchPoint vc="0" uspid="557" ordinal="28" path="0" offset="634" offsetend="636" sl="557" fileid="3" />
              </BranchPoints>
              <MethodPoint vc="0" uspid="0" p8:type="SequencePoint" ordinal="5" offset="5" sc="0" sl="494" ec="1" el="563" bec="0" bev="0" fileid="3" xmlns:p8="xsi" />
            </Method>
            <Method cyclomaticComplexity="2" nPathComplexity="2" sequenceCoverage="0" branchCoverage="0" isConstructor="False" isGetter="False" isSetter="False" isStatic="True">
              <Summary numSequencePoints="5" visitedSequencePoints="0" numBranchPoints="2" visitedBranchPoints="0" sequenceCoverage="0" branchCoverage="0" maxCyclomaticComplexity="2" minCyclomaticComplexity="2" visitedClasses="0" numClasses="0" visitedMethods="0" numMethods="1" />
              <MetadataToken />
              <Name>System.ValueTuple`2&lt;System.Nullable`1&lt;System.Int32&gt;,System.Collections.Generic.List`1&lt;System.Int32&gt;&gt; CategoryMigrationLambda.Services.CategoryMigrationService::MigrateCategoryAndSubcategories(System.Nullable`1&lt;System.Int32&gt;,System.Collections.Generic.List`1&lt;System.Int32&gt;)</Name>
              <FileRef uid="3" />
              <SequencePoints>
                <SequencePoint vc="0" uspid="568" ordinal="0" sl="568" sc="1" el="568" ec="2" bec="0" bev="0" fileid="3" />
                <SequencePoint vc="0" uspid="569" ordinal="1" sl="569" sc="1" el="569" ec="2" bec="0" bev="0" fileid="3" />
                <SequencePoint vc="0" uspid="572" ordinal="2" sl="572" sc="1" el="572" ec="2" bec="0" bev="0" fileid="3" />
                <SequencePoint vc="0" uspid="573" ordinal="3" sl="573" sc="1" el="573" ec="2" bec="2" bev="0" fileid="3" />
                <SequencePoint vc="0" uspid="574" ordinal="4" sl="574" sc="1" el="574" ec="2" bec="0" bev="0" fileid="3" />
              </SequencePoints>
              <BranchPoints>
                <BranchPoint vc="0" uspid="573" ordinal="0" path="0" offset="32" offsetend="34" sl="573" fileid="3" />
                <BranchPoint vc="0" uspid="573" ordinal="1" path="1" offset="32" offsetend="40" sl="573" fileid="3" />
              </BranchPoints>
              <MethodPoint vc="0" uspid="0" p8:type="SequencePoint" ordinal="6" offset="6" sc="0" sl="568" ec="1" el="574" bec="0" bev="0" fileid="3" xmlns:p8="xsi" />
            </Method>
            <Method cyclomaticComplexity="10" nPathComplexity="10" sequenceCoverage="0" branchCoverage="0" isConstructor="True" isGetter="False" isSetter="False" isStatic="True">
              <Summary numSequencePoints="13" visitedSequencePoints="0" numBranchPoints="10" visitedBranchPoints="0" sequenceCoverage="0" branchCoverage="0" maxCyclomaticComplexity="10" minCyclomaticComplexity="10" visitedClasses="0" numClasses="0" visitedMethods="0" numMethods="1" />
              <MetadataToken />
              <Name>System.Void CategoryMigrationLambda.Services.CategoryMigrationService::.ctor(Amazon.DynamoDBv2.IAmazonDynamoDB,Amazon.DynamoDBv2.DataModel.IDynamoDBContext,Microsoft.Extensions.Logging.ILogger`1&lt;CategoryMigrationLambda.Services.CategoryMigrationService&gt;,Microsoft.Extensions.Configuration.IConfiguration)</Name>
              <FileRef uid="3" />
              <SequencePoints>
                <SequencePoint vc="0" uspid="22" ordinal="0" sl="22" sc="1" el="22" ec="2" bec="0" bev="0" fileid="3" />
                <SequencePoint vc="0" uspid="23" ordinal="1" sl="23" sc="1" el="23" ec="2" bec="0" bev="0" fileid="3" />
                <SequencePoint vc="0" uspid="24" ordinal="2" sl="24" sc="1" el="24" ec="2" bec="0" bev="0" fileid="3" />
                <SequencePoint vc="0" uspid="25" ordinal="3" sl="25" sc="1" el="25" ec="2" bec="0" bev="0" fileid="3" />
                <SequencePoint vc="0" uspid="26" ordinal="4" sl="26" sc="1" el="26" ec="2" bec="0" bev="0" fileid="3" />
                <SequencePoint vc="0" uspid="27" ordinal="5" sl="27" sc="1" el="27" ec="2" bec="0" bev="0" fileid="3" />
                <SequencePoint vc="0" uspid="28" ordinal="6" sl="28" sc="1" el="28" ec="2" bec="2" bev="0" fileid="3" />
                <SequencePoint vc="0" uspid="29" ordinal="7" sl="29" sc="1" el="29" ec="2" bec="2" bev="0" fileid="3" />
                <SequencePoint vc="0" uspid="30" ordinal="8" sl="30" sc="1" el="30" ec="2" bec="2" bev="0" fileid="3" />
                <SequencePoint vc="0" uspid="31" ordinal="9" sl="31" sc="1" el="31" ec="2" bec="2" bev="0" fileid="3" />
                <SequencePoint vc="0" uspid="33" ordinal="10" sl="33" sc="1" el="33" ec="2" bec="2" bev="0" fileid="3" />
                <SequencePoint vc="0" uspid="34" ordinal="11" sl="34" sc="1" el="34" ec="2" bec="0" bev="0" fileid="3" />
                <SequencePoint vc="0" uspid="35" ordinal="12" sl="35" sc="1" el="35" ec="2" bec="0" bev="0" fileid="3" />
              </SequencePoints>
              <BranchPoints>
                <BranchPoint vc="0" uspid="28" ordinal="0" path="0" offset="11" offsetend="13" sl="28" fileid="3" />
                <BranchPoint vc="0" uspid="28" ordinal="1" path="1" offset="11" offsetend="25" sl="28" fileid="3" />
                <BranchPoint vc="0" uspid="29" ordinal="2" path="0" offset="33" offsetend="35" sl="29" fileid="3" />
                <BranchPoint vc="0" uspid="29" ordinal="3" path="1" offset="33" offsetend="47" sl="29" fileid="3" />
                <BranchPoint vc="0" uspid="30" ordinal="4" path="0" offset="55" offsetend="57" sl="30" fileid="3" />
                <BranchPoint vc="0" uspid="30" ordinal="5" path="1" offset="55" offsetend="69" sl="30" fileid="3" />
                <BranchPoint vc="0" uspid="31" ordinal="6" path="0" offset="78" offsetend="80" sl="31" fileid="3" />
                <BranchPoint vc="0" uspid="31" ordinal="7" path="1" offset="78" offsetend="92" sl="31" fileid="3" />
                <BranchPoint vc="0" uspid="33" ordinal="8" path="0" offset="115" offsetend="117" sl="33" fileid="3" />
                <BranchPoint vc="0" uspid="33" ordinal="9" path="1" offset="115" offsetend="123" sl="33" fileid="3" />
              </BranchPoints>
              <MethodPoint vc="0" uspid="0" p8:type="SequencePoint" ordinal="7" offset="7" sc="0" sl="22" ec="1" el="35" bec="0" bev="0" fileid="3" xmlns:p8="xsi" />
            </Method>
          </Methods>
        </Class>
        <Class>
          <Summary numSequencePoints="27" visitedSequencePoints="0" numBranchPoints="0" visitedBranchPoints="0" sequenceCoverage="0" branchCoverage="100" maxCyclomaticComplexity="1" minCyclomaticComplexity="1" visitedClasses="0" numClasses="1" visitedMethods="0" numMethods="1" />
          <FullName>CategoryMigrationLambda.Services.CategoryMigrationService/&lt;MigrateAllPreferencesAsync&gt;d__7</FullName>
          <Methods>
            <Method cyclomaticComplexity="1" nPathComplexity="1" sequenceCoverage="0" branchCoverage="100" isConstructor="False" isGetter="False" isSetter="False" isStatic="True">
              <Summary numSequencePoints="27" visitedSequencePoints="0" numBranchPoints="0" visitedBranchPoints="0" sequenceCoverage="0" branchCoverage="100" maxCyclomaticComplexity="1" minCyclomaticComplexity="1" visitedClasses="0" numClasses="0" visitedMethods="0" numMethods="1" />
              <MetadataToken />
              <Name>System.Void CategoryMigrationLambda.Services.CategoryMigrationService/&lt;MigrateAllPreferencesAsync&gt;d__7::MoveNext()</Name>
              <FileRef uid="3" />
              <SequencePoints>
                <SequencePoint vc="0" uspid="38" ordinal="0" sl="38" sc="1" el="38" ec="2" bec="0" bev="0" fileid="3" />
                <SequencePoint vc="0" uspid="39" ordinal="1" sl="39" sc="1" el="39" ec="2" bec="0" bev="0" fileid="3" />
                <SequencePoint vc="0" uspid="41" ordinal="2" sl="41" sc="1" el="41" ec="2" bec="0" bev="0" fileid="3" />
                <SequencePoint vc="0" uspid="42" ordinal="3" sl="42" sc="1" el="42" ec="2" bec="0" bev="0" fileid="3" />
                <SequencePoint vc="0" uspid="43" ordinal="4" sl="43" sc="1" el="43" ec="2" bec="0" bev="0" fileid="3" />
                <SequencePoint vc="0" uspid="44" ordinal="5" sl="44" sc="1" el="44" ec="2" bec="0" bev="0" fileid="3" />
                <SequencePoint vc="0" uspid="45" ordinal="6" sl="45" sc="1" el="45" ec="2" bec="0" bev="0" fileid="3" />
                <SequencePoint vc="0" uspid="46" ordinal="7" sl="46" sc="1" el="46" ec="2" bec="0" bev="0" fileid="3" />
                <SequencePoint vc="0" uspid="47" ordinal="8" sl="47" sc="1" el="47" ec="2" bec="0" bev="0" fileid="3" />
                <SequencePoint vc="0" uspid="48" ordinal="9" sl="48" sc="1" el="48" ec="2" bec="0" bev="0" fileid="3" />
                <SequencePoint vc="0" uspid="49" ordinal="10" sl="49" sc="1" el="49" ec="2" bec="0" bev="0" fileid="3" />
                <SequencePoint vc="0" uspid="52" ordinal="11" sl="52" sc="1" el="52" ec="2" bec="0" bev="0" fileid="3" />
                <SequencePoint vc="0" uspid="53" ordinal="12" sl="53" sc="1" el="53" ec="2" bec="0" bev="0" fileid="3" />
                <SequencePoint vc="0" uspid="54" ordinal="13" sl="54" sc="1" el="54" ec="2" bec="0" bev="0" fileid="3" />
                <SequencePoint vc="0" uspid="55" ordinal="14" sl="55" sc="1" el="55" ec="2" bec="0" bev="0" fileid="3" />
                <SequencePoint vc="0" uspid="56" ordinal="15" sl="56" sc="1" el="56" ec="2" bec="0" bev="0" fileid="3" />
                <SequencePoint vc="0" uspid="57" ordinal="16" sl="57" sc="1" el="57" ec="2" bec="0" bev="0" fileid="3" />
                <SequencePoint vc="0" uspid="58" ordinal="17" sl="58" sc="1" el="58" ec="2" bec="0" bev="0" fileid="3" />
                <SequencePoint vc="0" uspid="59" ordinal="18" sl="59" sc="1" el="59" ec="2" bec="0" bev="0" fileid="3" />
                <SequencePoint vc="0" uspid="61" ordinal="19" sl="61" sc="1" el="61" ec="2" bec="0" bev="0" fileid="3" />
                <SequencePoint vc="0" uspid="62" ordinal="20" sl="62" sc="1" el="62" ec="2" bec="0" bev="0" fileid="3" />
                <SequencePoint vc="0" uspid="63" ordinal="21" sl="63" sc="1" el="63" ec="2" bec="0" bev="0" fileid="3" />
                <SequencePoint vc="0" uspid="64" ordinal="22" sl="64" sc="1" el="64" ec="2" bec="0" bev="0" fileid="3" />
                <SequencePoint vc="0" uspid="66" ordinal="23" sl="66" sc="1" el="66" ec="2" bec="0" bev="0" fileid="3" />
                <SequencePoint vc="0" uspid="67" ordinal="24" sl="67" sc="1" el="67" ec="2" bec="0" bev="0" fileid="3" />
                <SequencePoint vc="0" uspid="69" ordinal="25" sl="69" sc="1" el="69" ec="2" bec="0" bev="0" fileid="3" />
                <SequencePoint vc="0" uspid="70" ordinal="26" sl="70" sc="1" el="70" ec="2" bec="0" bev="0" fileid="3" />
              </SequencePoints>
              <BranchPoints />
              <MethodPoint vc="0" uspid="0" p8:type="SequencePoint" ordinal="0" offset="0" sc="0" sl="38" ec="1" el="70" bec="0" bev="0" fileid="3" xmlns:p8="xsi" />
            </Method>
          </Methods>
        </Class>
        <Class>
          <Summary numSequencePoints="28" visitedSequencePoints="0" numBranchPoints="0" visitedBranchPoints="0" sequenceCoverage="0" branchCoverage="100" maxCyclomaticComplexity="1" minCyclomaticComplexity="1" visitedClasses="0" numClasses="1" visitedMethods="0" numMethods="1" />
          <FullName>CategoryMigrationLambda.Services.CategoryMigrationService/&lt;MigrateUserPreferencesAsync&gt;d__8</FullName>
          <Methods>
            <Method cyclomaticComplexity="1" nPathComplexity="1" sequenceCoverage="0" branchCoverage="100" isConstructor="False" isGetter="False" isSetter="False" isStatic="True">
              <Summary numSequencePoints="28" visitedSequencePoints="0" numBranchPoints="0" visitedBranchPoints="0" sequenceCoverage="0" branchCoverage="100" maxCyclomaticComplexity="1" minCyclomaticComplexity="1" visitedClasses="0" numClasses="0" visitedMethods="0" numMethods="1" />
              <MetadataToken />
              <Name>System.Void CategoryMigrationLambda.Services.CategoryMigrationService/&lt;MigrateUserPreferencesAsync&gt;d__8::MoveNext()</Name>
              <FileRef uid="3" />
              <SequencePoints>
                <SequencePoint vc="0" uspid="73" ordinal="0" sl="73" sc="1" el="73" ec="2" bec="0" bev="0" fileid="3" />
                <SequencePoint vc="0" uspid="74" ordinal="1" sl="74" sc="1" el="74" ec="2" bec="0" bev="0" fileid="3" />
                <SequencePoint vc="0" uspid="76" ordinal="2" sl="76" sc="1" el="76" ec="2" bec="0" bev="0" fileid="3" />
                <SequencePoint vc="0" uspid="77" ordinal="3" sl="77" sc="1" el="77" ec="2" bec="0" bev="0" fileid="3" />
                <SequencePoint vc="0" uspid="78" ordinal="4" sl="78" sc="1" el="78" ec="2" bec="0" bev="0" fileid="3" />
                <SequencePoint vc="0" uspid="79" ordinal="5" sl="79" sc="1" el="79" ec="2" bec="0" bev="0" fileid="3" />
                <SequencePoint vc="0" uspid="80" ordinal="6" sl="80" sc="1" el="80" ec="2" bec="0" bev="0" fileid="3" />
                <SequencePoint vc="0" uspid="81" ordinal="7" sl="81" sc="1" el="81" ec="2" bec="0" bev="0" fileid="3" />
                <SequencePoint vc="0" uspid="82" ordinal="8" sl="82" sc="1" el="82" ec="2" bec="0" bev="0" fileid="3" />
                <SequencePoint vc="0" uspid="83" ordinal="9" sl="83" sc="1" el="83" ec="2" bec="0" bev="0" fileid="3" />
                <SequencePoint vc="0" uspid="84" ordinal="10" sl="84" sc="1" el="84" ec="2" bec="0" bev="0" fileid="3" />
                <SequencePoint vc="0" uspid="85" ordinal="11" sl="85" sc="1" el="85" ec="2" bec="0" bev="0" fileid="3" />
                <SequencePoint vc="0" uspid="88" ordinal="12" sl="88" sc="1" el="88" ec="2" bec="0" bev="0" fileid="3" />
                <SequencePoint vc="0" uspid="89" ordinal="13" sl="89" sc="1" el="89" ec="2" bec="0" bev="0" fileid="3" />
                <SequencePoint vc="0" uspid="90" ordinal="14" sl="90" sc="1" el="90" ec="2" bec="0" bev="0" fileid="3" />
                <SequencePoint vc="0" uspid="91" ordinal="15" sl="91" sc="1" el="91" ec="2" bec="0" bev="0" fileid="3" />
                <SequencePoint vc="0" uspid="92" ordinal="16" sl="92" sc="1" el="92" ec="2" bec="0" bev="0" fileid="3" />
                <SequencePoint vc="0" uspid="93" ordinal="17" sl="93" sc="1" el="93" ec="2" bec="0" bev="0" fileid="3" />
                <SequencePoint vc="0" uspid="94" ordinal="18" sl="94" sc="1" el="94" ec="2" bec="0" bev="0" fileid="3" />
                <SequencePoint vc="0" uspid="95" ordinal="19" sl="95" sc="1" el="95" ec="2" bec="0" bev="0" fileid="3" />
                <SequencePoint vc="0" uspid="97" ordinal="20" sl="97" sc="1" el="97" ec="2" bec="0" bev="0" fileid="3" />
                <SequencePoint vc="0" uspid="98" ordinal="21" sl="98" sc="1" el="98" ec="2" bec="0" bev="0" fileid="3" />
                <SequencePoint vc="0" uspid="99" ordinal="22" sl="99" sc="1" el="99" ec="2" bec="0" bev="0" fileid="3" />
                <SequencePoint vc="0" uspid="100" ordinal="23" sl="100" sc="1" el="100" ec="2" bec="0" bev="0" fileid="3" />
                <SequencePoint vc="0" uspid="102" ordinal="24" sl="102" sc="1" el="102" ec="2" bec="0" bev="0" fileid="3" />
                <SequencePoint vc="0" uspid="103" ordinal="25" sl="103" sc="1" el="103" ec="2" bec="0" bev="0" fileid="3" />
                <SequencePoint vc="0" uspid="105" ordinal="26" sl="105" sc="1" el="105" ec="2" bec="0" bev="0" fileid="3" />
                <SequencePoint vc="0" uspid="106" ordinal="27" sl="106" sc="1" el="106" ec="2" bec="0" bev="0" fileid="3" />
              </SequencePoints>
              <BranchPoints />
              <MethodPoint vc="0" uspid="0" p8:type="SequencePoint" ordinal="0" offset="0" sc="0" sl="73" ec="1" el="106" bec="0" bev="0" fileid="3" xmlns:p8="xsi" />
            </Method>
          </Methods>
        </Class>
        <Class>
          <Summary numSequencePoints="106" visitedSequencePoints="0" numBranchPoints="38" visitedBranchPoints="0" sequenceCoverage="0" branchCoverage="0" maxCyclomaticComplexity="38" minCyclomaticComplexity="38" visitedClasses="0" numClasses="1" visitedMethods="0" numMethods="1" />
          <FullName>CategoryMigrationLambda.Services.CategoryMigrationService/&lt;ProcessDocumentsInBatches&gt;d__12</FullName>
          <Methods>
            <Method cyclomaticComplexity="38" nPathComplexity="38" sequenceCoverage="0" branchCoverage="0" isConstructor="False" isGetter="False" isSetter="False" isStatic="True">
[...]
              <Summary numSequencePoints="1" visitedSequencePoints="0" numBranchPoints="0" visitedBranchPoints="0" sequenceCoverage="0" branchCoverage="100" maxCyclomaticComplexity="1" minCyclomaticComplexity="1" visitedClasses="0" numClasses="0" visitedMethods="0" numMethods="1" />
              <MetadataToken />
              <Name>System.String CategoryMigrationLambda.Data.UserJobPreferencesDto::get_Status()</Name>
              <FileRef uid="7" />
              <SequencePoints>
                <SequencePoint vc="0" uspid="44" ordinal="0" sl="44" sc="1" el="44" ec="2" bec="0" bev="0" fileid="7" />
              </SequencePoints>
              <BranchPoints />
              <MethodPoint vc="0" uspid="0" p8:type="SequencePoint" ordinal="10" offset="10" sc="0" sl="44" ec="1" el="44" bec="0" bev="0" fileid="7" xmlns:p8="xsi" />
            </Method>
            <Method cyclomaticComplexity="1" nPathComplexity="1" sequenceCoverage="0" branchCoverage="100" isConstructor="False" isGetter="True" isSetter="False" isStatic="True">
              <Summary numSequencePoints="1" visitedSequencePoints="0" numBranchPoints="0" visitedBranchPoints="0" sequenceCoverage="0" branchCoverage="100" maxCyclomaticComplexity="1" minCyclomaticComplexity="1" visitedClasses="0" numClasses="0" visitedMethods="0" numMethods="1" />
              <MetadataToken />
              <Name>System.Collections.Generic.Dictionary`2&lt;System.String,System.Object&gt; CategoryMigrationLambda.Data.UserJobPreferencesDto::get_AdditionalProperties()</Name>
              <FileRef uid="7" />
              <SequencePoints>
                <SequencePoint vc="0" uspid="47" ordinal="0" sl="47" sc="1" el="47" ec="2" bec="0" bev="0" fileid="7" />
              </SequencePoints>
              <BranchPoints />
              <MethodPoint vc="0" uspid="0" p8:type="SequencePoint" ordinal="11" offset="11" sc="0" sl="47" ec="1" el="47" bec="0" bev="0" fileid="7" xmlns:p8="xsi" />
            </Method>
            <Method cyclomaticComplexity="1" nPathComplexity="1" sequenceCoverage="0" branchCoverage="100" isConstructor="False" isGetter="True" isSetter="False" isStatic="True">
              <Summary numSequencePoints="1" visitedSequencePoints="0" numBranchPoints="0" visitedBranchPoints="0" sequenceCoverage="0" branchCoverage="100" maxCyclomaticComplexity="1" minCyclomaticComplexity="1" visitedClasses="0" numClasses="0" visitedMethods="0" numMethods="1" />
              <MetadataToken />
              <Name>System.Boolean CategoryMigrationLambda.Data.UserJobPreferencesDto::get_IsPrimary()</Name>
              <FileRef uid="7" />
              <SequencePoints>
                <SequencePoint vc="0" uspid="50" ordinal="0" sl="50" sc="1" el="50" ec="2" bec="0" bev="0" fileid="7" />
              </SequencePoints>
              <BranchPoints />
              <MethodPoint vc="0" uspid="0" p8:type="SequencePoint" ordinal="12" offset="12" sc="0" sl="50" ec="1" el="50" bec="0" bev="0" fileid="7" xmlns:p8="xsi" />
            </Method>
            <Method cyclomaticComplexity="1" nPathComplexity="1" sequenceCoverage="0" branchCoverage="100" isConstructor="False" isGetter="True" isSetter="False" isStatic="True">
              <Summary numSequencePoints="1" visitedSequencePoints="0" numBranchPoints="0" visitedBranchPoints="0" sequenceCoverage="0" branchCoverage="100" maxCyclomaticComplexity="1" minCyclomaticComplexity="1" visitedClasses="0" numClasses="0" visitedMethods="0" numMethods="1" />
              <MetadataToken />
              <Name>System.Boolean CategoryMigrationLambda.Data.UserJobPreferencesDto::get_UserModified()</Name>
              <FileRef uid="7" />
              <SequencePoints>
                <SequencePoint vc="0" uspid="53" ordinal="0" sl="53" sc="1" el="53" ec="2" bec="0" bev="0" fileid="7" />
              </SequencePoints>
              <BranchPoints />
              <MethodPoint vc="0" uspid="0" p8:type="SequencePoint" ordinal="13" offset="13" sc="0" sl="53" ec="1" el="53" bec="0" bev="0" fileid="7" xmlns:p8="xsi" />
            </Method>
            <Method cyclomaticComplexity="1" nPathComplexity="1" sequenceCoverage="0" branchCoverage="100" isConstructor="False" isGetter="True" isSetter="False" isStatic="True">
              <Summary numSequencePoints="1" visitedSequencePoints="0" numBranchPoints="0" visitedBranchPoints="0" sequenceCoverage="0" branchCoverage="100" maxCyclomaticComplexity="1" minCyclomaticComplexity="1" visitedClasses="0" numClasses="0" visitedMethods="0" numMethods="1" />
              <MetadataToken />
              <Name>System.String CategoryMigrationLambda.Data.UserJobPreferencesDto::get_JobTitle()</Name>
              <FileRef uid="7" />
              <SequencePoints>
                <SequencePoint vc="0" uspid="56" ordinal="0" sl="56" sc="1" el="56" ec="2" bec="0" bev="0" fileid="7" />
              </SequencePoints>
              <BranchPoints />
              <MethodPoint vc="0" uspid="0" p8:type="SequencePoint" ordinal="14" offset="14" sc="0" sl="56" ec="1" el="56" bec="0" bev="0" fileid="7" xmlns:p8="xsi" />
            </Method>
            <Method cyclomaticComplexity="1" nPathComplexity="1" sequenceCoverage="0" branchCoverage="100" isConstructor="False" isGetter="True" isSetter="False" isStatic="True">
              <Summary numSequencePoints="1" visitedSequencePoints="0" numBranchPoints="0" visitedBranchPoints="0" sequenceCoverage="0" branchCoverage="100" maxCyclomaticComplexity="1" minCyclomaticComplexity="1" visitedClasses="0" numClasses="0" visitedMethods="0" numMethods="1" />
              <MetadataToken />
              <Name>System.String CategoryMigrationLambda.Data.UserJobPreferencesDto::get_Frequency()</Name>
              <FileRef uid="7" />
              <SequencePoints>
                <SequencePoint vc="0" uspid="59" ordinal="0" sl="59" sc="1" el="59" ec="2" bec="0" bev="0" fileid="7" />
              </SequencePoints>
              <BranchPoints />
              <MethodPoint vc="0" uspid="0" p8:type="SequencePoint" ordinal="15" offset="15" sc="0" sl="59" ec="1" el="59" bec="0" bev="0" fileid="7" xmlns:p8="xsi" />
            </Method>
            <Method cyclomaticComplexity="1" nPathComplexity="1" sequenceCoverage="0" branchCoverage="100" isConstructor="False" isGetter="True" isSetter="False" isStatic="True">
              <Summary numSequencePoints="1" visitedSequencePoints="0" numBranchPoints="0" visitedBranchPoints="0" sequenceCoverage="0" branchCoverage="100" maxCyclomaticComplexity="1" minCyclomaticComplexity="1" visitedClasses="0" numClasses="0" visitedMethods="0" numMethods="1" />
              <MetadataToken />
              <Name>System.String CategoryMigrationLambda.Data.UserJobPreferencesDto::get_City()</Name>
              <FileRef uid="7" />
              <SequencePoints>
                <SequencePoint vc="0" uspid="62" ordinal="0" sl="62" sc="1" el="62" ec="2" bec="0" bev="0" fileid="7" />
              </SequencePoints>
              <BranchPoints />
              <MethodPoint vc="0" uspid="0" p8:type="SequencePoint" ordinal="16" offset="16" sc="0" sl="62" ec="1" el="62" bec="0" bev="0" fileid="7" xmlns:p8="xsi" />
            </Method>
            <Method cyclomaticComplexity="1" nPathComplexity="1" sequenceCoverage="0" branchCoverage="100" isConstructor="False" isGetter="True" isSetter="False" isStatic="True">
              <Summary numSequencePoints="1" visitedSequencePoints="0" numBranchPoints="0" visitedBranchPoints="0" sequenceCoverage="0" branchCoverage="100" maxCyclomaticComplexity="1" minCyclomaticComplexity="1" visitedClasses="0" numClasses="0" visitedMethods="0" numMethods="1" />
              <MetadataToken />
              <Name>System.String CategoryMigrationLambda.Data.UserJobPreferencesDto::get_State()</Name>
              <FileRef uid="7" />
              <SequencePoints>
                <SequencePoint vc="0" uspid="65" ordinal="0" sl="65" sc="1" el="65" ec="2" bec="0" bev="0" fileid="7" />
              </SequencePoints>
              <BranchPoints />
              <MethodPoint vc="0" uspid="0" p8:type="SequencePoint" ordinal="17" offset="17" sc="0" sl="65" ec="1" el="65" bec="0" bev="0" fileid="7" xmlns:p8="xsi" />
            </Method>
            <Method cyclomaticComplexity="1" nPathComplexity="1" sequenceCoverage="0" branchCoverage="100" isConstructor="False" isGetter="True" isSetter="False" isStatic="True">
              <Summary numSequencePoints="1" visitedSequencePoints="0" numBranchPoints="0" visitedBranchPoints="0" sequenceCoverage="0" branchCoverage="100" maxCyclomaticComplexity="1" minCyclomaticComplexity="1" visitedClasses="0" numClasses="0" visitedMethods="0" numMethods="1" />
              <MetadataToken />
              <Name>System.String CategoryMigrationLambda.Data.UserJobPreferencesDto::get_Country()</Name>
              <FileRef uid="7" />
              <SequencePoints>
                <SequencePoint vc="0" uspid="68" ordinal="0" sl="68" sc="1" el="68" ec="2" bec="0" bev="0" fileid="7" />
              </SequencePoints>
              <BranchPoints />
              <MethodPoint vc="0" uspid="0" p8:type="SequencePoint" ordinal="18" offset="18" sc="0" sl="68" ec="1" el="68" bec="0" bev="0" fileid="7" xmlns:p8="xsi" />
            </Method>
            <Method cyclomaticComplexity="1" nPathComplexity="1" sequenceCoverage="0" branchCoverage="100" isConstructor="False" isGetter="True" isSetter="False" isStatic="True">
              <Summary numSequencePoints="1" visitedSequencePoints="0" numBranchPoints="0" visitedBranchPoints="0" sequenceCoverage="0" branchCoverage="100" maxCyclomaticComplexity="1" minCyclomaticComplexity="1" visitedClasses="0" numClasses="0" visitedMethods="0" numMethods="1" />
              <MetadataToken />
              <Name>System.String CategoryMigrationLambda.Data.UserJobPreferencesDto::get_GeoName()</Name>
              <FileRef uid="7" />
              <SequencePoints>
                <SequencePoint vc="0" uspid="71" ordinal="0" sl="71" sc="1" el="71" ec="2" bec="0" bev="0" fileid="7" />
              </SequencePoints>
              <BranchPoints />
              <MethodPoint vc="0" uspid="0" p8:type="SequencePoint" ordinal="19" offset="19" sc="0" sl="71" ec="1" el="71" bec="0" bev="0" fileid="7" xmlns:p8="xsi" />
            </Method>
            <Method cyclomaticComplexity="1" nPathComplexity="1" sequenceCoverage="0" branchCoverage="100" isConstructor="False" isGetter="True" isSetter="False" isStatic="True">
              <Summary numSequencePoints="1" visitedSequencePoints="0" numBranchPoints="0" visitedBranchPoints="0" sequenceCoverage="0" branchCoverage="100" maxCyclomaticComplexity="1" minCyclomaticComplexity="1" visitedClasses="0" numClasses="0" visitedMethods="0" numMethods="1" />
              <MetadataToken />
              <Name>System.Nullable`1&lt;System.Double&gt; CategoryMigrationLambda.Data.UserJobPreferencesDto::get_Latitude()</Name>
              <FileRef uid="7" />
              <SequencePoints>
                <SequencePoint vc="0" uspid="74" ordinal="0" sl="74" sc="1" el="74" ec="2" bec="0" bev="0" fileid="7" />
              </SequencePoints>
              <BranchPoints />
              <MethodPoint vc="0" uspid="0" p8:type="SequencePoint" ordinal="20" offset="20" sc="0" sl="74" ec="1" el="74" bec="0" bev="0" fileid="7" xmlns:p8="xsi" />
            </Method>
            <Method cyclomaticComplexity="1" nPathComplexity="1" sequenceCoverage="0" branchCoverage="100" isConstructor="False" isGetter="True" isSetter="False" isStatic="True">
              <Summary numSequencePoints="1" visitedSequencePoints="0" numBranchPoints="0" visitedBranchPoints="0" sequenceCoverage="0" branchCoverage="100" maxCyclomaticComplexity="1" minCyclomaticComplexity="1" visitedClasses="0" numClasses="0" visitedMethods="0" numMethods="1" />
              <MetadataToken />
              <Name>System.Nullable`1&lt;System.Double&gt; CategoryMigrationLambda.Data.UserJobPreferencesDto::get_Longitude()</Name>
              <FileRef uid="7" />
              <SequencePoints>
                <SequencePoint vc="0" uspid="77" ordinal="0" sl="77" sc="1" el="77" ec="2" bec="0" bev="0" fileid="7" />
              </SequencePoints>
              <BranchPoints />
              <MethodPoint vc="0" uspid="0" p8:type="SequencePoint" ordinal="21" offset="21" sc="0" sl="77" ec="1" el="77" bec="0" bev="0" fileid="7" xmlns:p8="xsi" />
            </Method>
            <Method cyclomaticComplexity="1" nPathComplexity="1" sequenceCoverage="0" branchCoverage="100" isConstructor="False" isGetter="True" isSetter="False" isStatic="True">
              <Summary numSequencePoints="1" visitedSequencePoints="0" numBranchPoints="0" visitedBranchPoints="0" sequenceCoverage="0" branchCoverage="100" maxCyclomaticComplexity="1" minCyclomaticComplexity="1" visitedClasses="0" numClasses="0" visitedMethods="0" numMethods="1" />
              <MetadataToken />
              <Name>System.Collections.Generic.List`1&lt;System.Int32&gt; CategoryMigrationLambda.Data.UserJobPreferencesDto::get_IndustryIds()</Name>
              <FileRef uid="7" />
              <SequencePoints>
                <SequencePoint vc="0" uspid="80" ordinal="0" sl="80" sc="1" el="80" ec="2" bec="0" bev="0" fileid="7" />
              </SequencePoints>
              <BranchPoints />
              <MethodPoint vc="0" uspid="0" p8:type="SequencePoint" ordinal="22" offset="22" sc="0" sl="80" ec="1" el="80" bec="0" bev="0" fileid="7" xmlns:p8="xsi" />
            </Method>
            <Method cyclomaticComplexity="1" nPathComplexity="1" sequenceCoverage="0" branchCoverage="100" isConstructor="False" isGetter="True" isSetter="False" isStatic="True">
              <Summary numSequencePoints="1" visitedSequencePoints="0" numBranchPoints="0" visitedBranchPoints="0" sequenceCoverage="0" branchCoverage="100" maxCyclomaticComplexity="1" minCyclomaticComplexity="1" visitedClasses="0" numClasses="0" visitedMethods="0" numMethods="1" />
              <MetadataToken />
              <Name>System.Collections.Generic.List`1&lt;System.String&gt; CategoryMigrationLambda.Data.UserJobPreferencesDto::get_Technologies()</Name>
              <FileRef uid="7" />
              <SequencePoints>
                <SequencePoint vc="0" uspid="83" ordinal="0" sl="83" sc="1" el="83" ec="2" bec="0" bev="0" fileid="7" />
              </SequencePoints>
              <BranchPoints />
              <MethodPoint vc="0" uspid="0" p8:type="SequencePoint" ordinal="23" offset="23" sc="0" sl="83" ec="1" el="83" bec="0" bev="0" fileid="7" xmlns:p8="xsi" />
            </Method>
            <Method cyclomaticComplexity="1" nPathComplexity="1" sequenceCoverage="0" branchCoverage="100" isConstructor="False" isGetter="True" isSetter="False" isStatic="True">
              <Summary numSequencePoints="1" visitedSequencePoints="0" numBranchPoints="0" visitedBranchPoints="0" sequenceCoverage="0" branchCoverage="100" maxCyclomaticComplexity="1" minCyclomaticComplexity="1" visitedClasses="0" numClasses="0" visitedMethods="0" numMethods="1" />
              <MetadataToken />
              <Name>System.String CategoryMigrationLambda.Data.UserJobPreferencesDto::get_Gsi1PK()</Name>
              <FileRef uid="7" />
              <SequencePoints>
                <SequencePoint vc="0" uspid="86" ordinal="0" sl="86" sc="1" el="86" ec="2" bec="0" bev="0" fileid="7" />
              </SequencePoints>
              <BranchPoints />
              <MethodPoint vc="0" uspid="0" p8:type="SequencePoint" ordinal="24" offset="24" sc="0" sl="86" ec="1" el="86" bec="0" bev="0" fileid="7" xmlns:p8="xsi" />
            </Method>
            <Method cyclomaticComplexity="1" nPathComplexity="1" sequenceCoverage="0" branchCoverage="100" isConstructor="False" isGetter="True" isSetter="False" isStatic="True">
              <Summary numSequencePoints="1" visitedSequencePoints="0" numBranchPoints="0" visitedBranchPoints="0" sequenceCoverage="0" branchCoverage="100" maxCyclomaticComplexity="1" minCyclomaticComplexity="1" visitedClasses="0" numClasses="0" visitedMethods="0" numMethods="1" />
              <MetadataToken />
              <Name>System.String CategoryMigrationLambda.Data.UserJobPreferencesDto::get_Gsi1SK()</Name>
              <FileRef uid="7" />
              <SequencePoints>
                <SequencePoint vc="0" uspid="89" ordinal="0" sl="89" sc="1" el="89" ec="2" bec="0" bev="0" fileid="7" />
              </SequencePoints>
              <BranchPoints />
              <MethodPoint vc="0" uspid="0" p8:type="SequencePoint" ordinal="25" offset="25" sc="0" sl="89" ec="1" el="89" bec="0" bev="0" fileid="7" xmlns:p8="xsi" />
            </Method>
            <Method cyclomaticComplexity="1" nPathComplexity="1" sequenceCoverage="0" branchCoverage="100" isConstructor="False" isGetter="True" isSetter="False" isStatic="True">
              <Summary numSequencePoints="1" visitedSequencePoints="0" numBranchPoints="0" visitedBranchPoints="0" sequenceCoverage="0" branchCoverage="100" maxCyclomaticComplexity="1" minCyclomaticComplexity="1" visitedClasses="0" numClasses="0" visitedMethods="0" numMethods="1" />
              <MetadataToken />
              <Name>System.String CategoryMigrationLambda.Data.UserJobPreferencesDto::get_Gsi2PK()</Name>
              <FileRef uid="7" />
              <SequencePoints>
                <SequencePoint vc="0" uspid="92" ordinal="0" sl="92" sc="1" el="92" ec="2" bec="0" bev="0" fileid="7" />
              </SequencePoints>
              <BranchPoints />
              <MethodPoint vc="0" uspid="0" p8:type="SequencePoint" ordinal="26" offset="26" sc="0" sl="92" ec="1" el="92" bec="0" bev="0" fileid="7" xmlns:p8="xsi" />
            </Method>
            <Method cyclomaticComplexity="1" nPathComplexity="1" sequenceCoverage="0" branchCoverage="100" isConstructor="False" isGetter="True" isSetter="False" isStatic="True">
              <Summary numSequencePoints="1" visitedSequencePoints="0" numBranchPoints="0" visitedBranchPoints="0" sequenceCoverage="0" branchCoverage="100" maxCyclomaticComplexity="1" minCyclomaticComplexity="1" visitedClasses="0" numClasses="0" visitedMethods="0" numMethods="1" />
              <MetadataToken />
              <Name>System.String CategoryMigrationLambda.Data.UserJobPreferencesDto::get_Gsi2SK()</Name>
              <FileRef uid="7" />
              <SequencePoints>
                <SequencePoint vc="0" uspid="95" ordinal="0" sl="95" sc="1" el="95" ec="2" bec="0" bev="0" fileid="7" />
              </SequencePoints>
              <BranchPoints />
              <MethodPoint vc="0" uspid="0" p8:type="SequencePoint" ordinal="27" offset="27" sc="0" sl="95" ec="1" el="95" bec="0" bev="0" fileid="7" xmlns:p8="xsi" />
            </Method>
            <Method cyclomaticComplexity="1" nPathComplexity="1" sequenceCoverage="0" branchCoverage="100" isConstructor="False" isGetter="True" isSetter="False" isStatic="True">
              <Summary numSequencePoints="1" visitedSequencePoints="0" numBranchPoints="0" visitedBranchPoints="0" sequenceCoverage="0" branchCoverage="100" maxCyclomaticComplexity="1" minCyclomaticComplexity="1" visitedClasses="0" numClasses="0" visitedMethods="0" numMethods="1" />
              <MetadataToken />
              <Name>System.Collections.Generic.Dictionary`2&lt;System.String,System.Object&gt; CategoryMigrationLambda.Data.UserJobPreferencesDto::get_ExtraProperties()</Name>
              <FileRef uid="7" />
              <SequencePoints>
                <SequencePoint vc="0" uspid="100" ordinal="0" sl="100" sc="1" el="100" ec="2" bec="0" bev="0" fileid="7" />
              </SequencePoints>
              <BranchPoints />
              <MethodPoint vc="0" uspid="0" p8:type="SequencePoint" ordinal="28" offset="28" sc="0" sl="100" ec="1" el="100" bec="0" bev="0" fileid="7" xmlns:p8="xsi" />
            </Method>
          </Methods>
        </Class>
      </Classes>
    </Module>
  </Modules>
</CoverageSession>